  StdAfx.cpp
  Decode2Asm.cpp
H:\code\cpp_disassembly_code\src\01\1.3 反汇编引擎的工作原理\Disasm_Push\Decode2Asm.cpp(33,3): warning C4996: 'strcpy': This function or variable may be unsafe. Consider using strcpy_s instead. To disable deprecation, use _CRT_SECURE_NO_WARNINGS. See online help for details.
H:\code\cpp_disassembly_code\src\01\1.3 反汇编引擎的工作原理\Disasm_Push\Decode2Asm.cpp(42,3): warning C4996: 'strcat': This function or variable may be unsafe. Consider using strcat_s instead. To disable deprecation, use _CRT_SECURE_NO_WARNINGS. See online help for details.
H:\code\cpp_disassembly_code\src\01\1.3 反汇编引擎的工作原理\Disasm_Push\Decode2Asm.cpp(39,5): warning C4996: 'strncat': This function or variable may be unsafe. Consider using strncat_s instead. To disable deprecation, use _CRT_SECURE_NO_WARNINGS. See online help for details.
  Disasm.cpp
H:\code\cpp_disassembly_code\src\01\1.3 反汇编引擎的工作原理\Disasm_Push\Disasm.cpp(124,21): warning C4996: 'strcpy': This function or variable may be unsafe. Consider using strcpy_s instead. To disable deprecation, use _CRT_SECURE_NO_WARNINGS. See online help for details.
H:\code\cpp_disassembly_code\src\01\1.3 反汇编引擎的工作原理\Disasm_Push\Disasm.cpp(126,21): warning C4996: 'strcpy': This function or variable may be unsafe. Consider using strcpy_s instead. To disable deprecation, use _CRT_SECURE_NO_WARNINGS. See online help for details.
H:\code\cpp_disassembly_code\src\01\1.3 反汇编引擎的工作原理\Disasm_Push\Disasm.cpp(151,21): warning C4996: 'strcpy': This function or variable may be unsafe. Consider using strcpy_s instead. To disable deprecation, use _CRT_SECURE_NO_WARNINGS. See online help for details.
H:\code\cpp_disassembly_code\src\01\1.3 反汇编引擎的工作原理\Disasm_Push\Disasm.cpp(153,21): warning C4996: 'strcpy': This function or variable may be unsafe. Consider using strcpy_s instead. To disable deprecation, use _CRT_SECURE_NO_WARNINGS. See online help for details.
H:\code\cpp_disassembly_code\src\01\1.3 反汇编引擎的工作原理\Disasm_Push\Disasm.cpp(171,17): warning C4996: 'strcpy': This function or variable may be unsafe. Consider using strcpy_s instead. To disable deprecation, use _CRT_SECURE_NO_WARNINGS. See online help for details.
H:\code\cpp_disassembly_code\src\01\1.3 反汇编引擎的工作原理\Disasm_Push\Disasm.cpp(180,21): warning C4996: 'strcpy': This function or variable may be unsafe. Consider using strcpy_s instead. To disable deprecation, use _CRT_SECURE_NO_WARNINGS. See online help for details.
H:\code\cpp_disassembly_code\src\01\1.3 反汇编引擎的工作原理\Disasm_Push\Disasm.cpp(182,21): warning C4996: 'strcpy': This function or variable may be unsafe. Consider using strcpy_s instead. To disable deprecation, use _CRT_SECURE_NO_WARNINGS. See online help for details.
H:\code\cpp_disassembly_code\src\01\1.3 反汇编引擎的工作原理\Disasm_Push\Disasm.cpp(184,21): warning C4996: 'strcpy': This function or variable may be unsafe. Consider using strcpy_s instead. To disable deprecation, use _CRT_SECURE_NO_WARNINGS. See online help for details.
H:\code\cpp_disassembly_code\src\01\1.3 反汇编引擎的工作原理\Disasm_Push\Disasm.cpp(241,21): warning C4996: 'strcpy': This function or variable may be unsafe. Consider using strcpy_s instead. To disable deprecation, use _CRT_SECURE_NO_WARNINGS. See online help for details.
H:\code\cpp_disassembly_code\src\01\1.3 反汇编引擎的工作原理\Disasm_Push\Disasm.cpp(243,21): warning C4996: 'strcpy': This function or variable may be unsafe. Consider using strcpy_s instead. To disable deprecation, use _CRT_SECURE_NO_WARNINGS. See online help for details.
H:\code\cpp_disassembly_code\src\01\1.3 反汇编引擎的工作原理\Disasm_Push\Disasm.cpp(337,25): warning C4996: 'strcpy': This function or variable may be unsafe. Consider using strcpy_s instead. To disable deprecation, use _CRT_SECURE_NO_WARNINGS. See online help for details.
H:\code\cpp_disassembly_code\src\01\1.3 反汇编引擎的工作原理\Disasm_Push\Disasm.cpp(342,25): warning C4996: 'strcpy': This function or variable may be unsafe. Consider using strcpy_s instead. To disable deprecation, use _CRT_SECURE_NO_WARNINGS. See online help for details.
H:\code\cpp_disassembly_code\src\01\1.3 反汇编引擎的工作原理\Disasm_Push\Disasm.cpp(347,25): warning C4996: 'strcpy': This function or variable may be unsafe. Consider using strcpy_s instead. To disable deprecation, use _CRT_SECURE_NO_WARNINGS. See online help for details.
H:\code\cpp_disassembly_code\src\01\1.3 反汇编引擎的工作原理\Disasm_Push\Disasm.cpp(367,17): warning C4996: 'strcpy': This function or variable may be unsafe. Consider using strcpy_s instead. To disable deprecation, use _CRT_SECURE_NO_WARNINGS. See online help for details.
H:\code\cpp_disassembly_code\src\01\1.3 反汇编引擎的工作原理\Disasm_Push\Disasm.cpp(600,13): warning C4996: 'strcpy': This function or variable may be unsafe. Consider using strcpy_s instead. To disable deprecation, use _CRT_SECURE_NO_WARNINGS. See online help for details.
H:\code\cpp_disassembly_code\src\01\1.3 反汇编引擎的工作原理\Disasm_Push\Disasm.cpp(685,13): warning C4996: 'strcpy': This function or variable may be unsafe. Consider using strcpy_s instead. To disable deprecation, use _CRT_SECURE_NO_WARNINGS. See online help for details.
H:\code\cpp_disassembly_code\src\01\1.3 反汇编引擎的工作原理\Disasm_Push\Disasm.cpp(698,13): warning C4996: 'strcpy': This function or variable may be unsafe. Consider using strcpy_s instead. To disable deprecation, use _CRT_SECURE_NO_WARNINGS. See online help for details.
H:\code\cpp_disassembly_code\src\01\1.3 反汇编引擎的工作原理\Disasm_Push\Disasm.cpp(711,13): warning C4996: 'strcpy': This function or variable may be unsafe. Consider using strcpy_s instead. To disable deprecation, use _CRT_SECURE_NO_WARNINGS. See online help for details.
H:\code\cpp_disassembly_code\src\01\1.3 反汇编引擎的工作原理\Disasm_Push\Disasm.cpp(811,21): warning C4996: 'strcat': This function or variable may be unsafe. Consider using strcat_s instead. To disable deprecation, use _CRT_SECURE_NO_WARNINGS. See online help for details.
H:\code\cpp_disassembly_code\src\01\1.3 反汇编引擎的工作原理\Disasm_Push\Disasm.cpp(916,13): warning C4996: 'strcpy': This function or variable may be unsafe. Consider using strcpy_s instead. To disable deprecation, use _CRT_SECURE_NO_WARNINGS. See online help for details.
H:\code\cpp_disassembly_code\src\01\1.3 反汇编引擎的工作原理\Disasm_Push\Disasm.cpp(929,13): warning C4996: 'strcpy': This function or variable may be unsafe. Consider using strcpy_s instead. To disable deprecation, use _CRT_SECURE_NO_WARNINGS. See online help for details.
H:\code\cpp_disassembly_code\src\01\1.3 反汇编引擎的工作原理\Disasm_Push\Disasm.cpp(942,13): warning C4996: 'strcpy': This function or variable may be unsafe. Consider using strcpy_s instead. To disable deprecation, use _CRT_SECURE_NO_WARNINGS. See online help for details.
H:\code\cpp_disassembly_code\src\01\1.3 反汇编引擎的工作原理\Disasm_Push\Disasm.cpp(955,13): warning C4996: 'strcpy': This function or variable may be unsafe. Consider using strcpy_s instead. To disable deprecation, use _CRT_SECURE_NO_WARNINGS. See online help for details.
H:\code\cpp_disassembly_code\src\01\1.3 反汇编引擎的工作原理\Disasm_Push\Disasm.cpp(1240,17): warning C4996: 'strcpy': This function or variable may be unsafe. Consider using strcpy_s instead. To disable deprecation, use _CRT_SECURE_NO_WARNINGS. See online help for details.
H:\code\cpp_disassembly_code\src\01\1.3 反汇编引擎的工作原理\Disasm_Push\Disasm.cpp(1252,21): warning C4996: 'strcpy': This function or variable may be unsafe. Consider using strcpy_s instead. To disable deprecation, use _CRT_SECURE_NO_WARNINGS. See online help for details.
H:\code\cpp_disassembly_code\src\01\1.3 反汇编引擎的工作原理\Disasm_Push\Disasm.cpp(1262,21): warning C4996: 'strcpy': This function or variable may be unsafe. Consider using strcpy_s instead. To disable deprecation, use _CRT_SECURE_NO_WARNINGS. See online help for details.
H:\code\cpp_disassembly_code\src\01\1.3 反汇编引擎的工作原理\Disasm_Push\Disasm.cpp(1287,17): warning C4996: 'strcpy': This function or variable may be unsafe. Consider using strcpy_s instead. To disable deprecation, use _CRT_SECURE_NO_WARNINGS. See online help for details.
H:\code\cpp_disassembly_code\src\01\1.3 反汇编引擎的工作原理\Disasm_Push\Disasm.cpp(1299,21): warning C4996: 'strcpy': This function or variable may be unsafe. Consider using strcpy_s instead. To disable deprecation, use _CRT_SECURE_NO_WARNINGS. See online help for details.
H:\code\cpp_disassembly_code\src\01\1.3 反汇编引擎的工作原理\Disasm_Push\Disasm.cpp(1309,21): warning C4996: 'strcpy': This function or variable may be unsafe. Consider using strcpy_s instead. To disable deprecation, use _CRT_SECURE_NO_WARNINGS. See online help for details.
H:\code\cpp_disassembly_code\src\01\1.3 反汇编引擎的工作原理\Disasm_Push\Disasm.cpp(1370,17): warning C4996: 'strcpy': This function or variable may be unsafe. Consider using strcpy_s instead. To disable deprecation, use _CRT_SECURE_NO_WARNINGS. See online help for details.
H:\code\cpp_disassembly_code\src\01\1.3 反汇编引擎的工作原理\Disasm_Push\Disasm.cpp(1476,17): warning C4996: 'strcpy': This function or variable may be unsafe. Consider using strcpy_s instead. To disable deprecation, use _CRT_SECURE_NO_WARNINGS. See online help for details.
H:\code\cpp_disassembly_code\src\01\1.3 反汇编引擎的工作原理\Disasm_Push\Disasm.cpp(1479,17): warning C4996: 'strcpy': This function or variable may be unsafe. Consider using strcpy_s instead. To disable deprecation, use _CRT_SECURE_NO_WARNINGS. See online help for details.
H:\code\cpp_disassembly_code\src\01\1.3 反汇编引擎的工作原理\Disasm_Push\Disasm.cpp(1541,13): warning C4996: 'strcpy': This function or variable may be unsafe. Consider using strcpy_s instead. To disable deprecation, use _CRT_SECURE_NO_WARNINGS. See online help for details.
H:\code\cpp_disassembly_code\src\01\1.3 反汇编引擎的工作原理\Disasm_Push\Disasm.cpp(1768,17): warning C4996: 'strcpy': This function or variable may be unsafe. Consider using strcpy_s instead. To disable deprecation, use _CRT_SECURE_NO_WARNINGS. See online help for details.
H:\code\cpp_disassembly_code\src\01\1.3 反汇编引擎的工作原理\Disasm_Push\Disasm.cpp(1795,13): warning C4996: 'strcpy': This function or variable may be unsafe. Consider using strcpy_s instead. To disable deprecation, use _CRT_SECURE_NO_WARNINGS. See online help for details.
H:\code\cpp_disassembly_code\src\01\1.3 反汇编引擎的工作原理\Disasm_Push\Disasm.cpp(1859,13): warning C4996: 'strcpy': This function or variable may be unsafe. Consider using strcpy_s instead. To disable deprecation, use _CRT_SECURE_NO_WARNINGS. See online help for details.
H:\code\cpp_disassembly_code\src\01\1.3 反汇编引擎的工作原理\Disasm_Push\Disasm.cpp(1876,17): warning C4996: 'strcpy': This function or variable may be unsafe. Consider using strcpy_s instead. To disable deprecation, use _CRT_SECURE_NO_WARNINGS. See online help for details.
H:\code\cpp_disassembly_code\src\01\1.3 反汇编引擎的工作原理\Disasm_Push\Disasm.cpp(1898,13): warning C4996: 'strcpy': This function or variable may be unsafe. Consider using strcpy_s instead. To disable deprecation, use _CRT_SECURE_NO_WARNINGS. See online help for details.
H:\code\cpp_disassembly_code\src\01\1.3 反汇编引擎的工作原理\Disasm_Push\Disasm.cpp(1915,17): warning C4996: 'strcpy': This function or variable may be unsafe. Consider using strcpy_s instead. To disable deprecation, use _CRT_SECURE_NO_WARNINGS. See online help for details.
H:\code\cpp_disassembly_code\src\01\1.3 反汇编引擎的工作原理\Disasm_Push\Disasm.cpp(1937,13): warning C4996: 'strcpy': This function or variable may be unsafe. Consider using strcpy_s instead. To disable deprecation, use _CRT_SECURE_NO_WARNINGS. See online help for details.
H:\code\cpp_disassembly_code\src\01\1.3 反汇编引擎的工作原理\Disasm_Push\Disasm.cpp(1970,13): warning C4996: 'strcpy': This function or variable may be unsafe. Consider using strcpy_s instead. To disable deprecation, use _CRT_SECURE_NO_WARNINGS. See online help for details.
H:\code\cpp_disassembly_code\src\01\1.3 反汇编引擎的工作原理\Disasm_Push\Disasm.cpp(2359,13): warning C4996: 'strcpy': This function or variable may be unsafe. Consider using strcpy_s instead. To disable deprecation, use _CRT_SECURE_NO_WARNINGS. See online help for details.
H:\code\cpp_disassembly_code\src\01\1.3 反汇编引擎的工作原理\Disasm_Push\Disasm.cpp(2430,17): warning C4996: 'strcpy': This function or variable may be unsafe. Consider using strcpy_s instead. To disable deprecation, use _CRT_SECURE_NO_WARNINGS. See online help for details.
H:\code\cpp_disassembly_code\src\01\1.3 反汇编引擎的工作原理\Disasm_Push\Disasm.cpp(2433,17): warning C4996: 'strcpy': This function or variable may be unsafe. Consider using strcpy_s instead. To disable deprecation, use _CRT_SECURE_NO_WARNINGS. See online help for details.
H:\code\cpp_disassembly_code\src\01\1.3 反汇编引擎的工作原理\Disasm_Push\Disasm.cpp(2695,5): warning C4996: 'strcpy': This function or variable may be unsafe. Consider using strcpy_s instead. To disable deprecation, use _CRT_SECURE_NO_WARNINGS. See online help for details.
H:\code\cpp_disassembly_code\src\01\1.3 反汇编引擎的工作原理\Disasm_Push\Disasm.cpp(2697,5): warning C4996: 'strcpy': This function or variable may be unsafe. Consider using strcpy_s instead. To disable deprecation, use _CRT_SECURE_NO_WARNINGS. See online help for details.
H:\code\cpp_disassembly_code\src\01\1.3 反汇编引擎的工作原理\Disasm_Push\Disasm.cpp(2699,5): warning C4996: 'strcpy': This function or variable may be unsafe. Consider using strcpy_s instead. To disable deprecation, use _CRT_SECURE_NO_WARNINGS. See online help for details.
  Disasm_Push.cpp
  Dsasm_Functions.cpp
H:\code\cpp_disassembly_code\src\01\1.3 反汇编引擎的工作原理\Disasm_Push\Dsasm_Functions.cpp(690,21): warning C4996: 'strcpy': This function or variable may be unsafe. Consider using strcpy_s instead. To disable deprecation, use _CRT_SECURE_NO_WARNINGS. See online help for details.
H:\code\cpp_disassembly_code\src\01\1.3 反汇编引擎的工作原理\Disasm_Push\Dsasm_Functions.cpp(850,21): warning C4996: 'strcpy': This function or variable may be unsafe. Consider using strcpy_s instead. To disable deprecation, use _CRT_SECURE_NO_WARNINGS. See online help for details.
H:\code\cpp_disassembly_code\src\01\1.3 反汇编引擎的工作原理\Disasm_Push\Dsasm_Functions.cpp(853,21): warning C4996: 'strcpy': This function or variable may be unsafe. Consider using strcpy_s instead. To disable deprecation, use _CRT_SECURE_NO_WARNINGS. See online help for details.
H:\code\cpp_disassembly_code\src\01\1.3 反汇编引擎的工作原理\Disasm_Push\Dsasm_Functions.cpp(856,21): warning C4996: 'strcpy': This function or variable may be unsafe. Consider using strcpy_s instead. To disable deprecation, use _CRT_SECURE_NO_WARNINGS. See online help for details.
H:\code\cpp_disassembly_code\src\01\1.3 反汇编引擎的工作原理\Disasm_Push\Dsasm_Functions.cpp(859,21): warning C4996: 'strcpy': This function or variable may be unsafe. Consider using strcpy_s instead. To disable deprecation, use _CRT_SECURE_NO_WARNINGS. See online help for details.
H:\code\cpp_disassembly_code\src\01\1.3 反汇编引擎的工作原理\Disasm_Push\Dsasm_Functions.cpp(862,21): warning C4996: 'strcpy': This function or variable may be unsafe. Consider using strcpy_s instead. To disable deprecation, use _CRT_SECURE_NO_WARNINGS. See online help for details.
H:\code\cpp_disassembly_code\src\01\1.3 反汇编引擎的工作原理\Disasm_Push\Dsasm_Functions.cpp(865,21): warning C4996: 'strcpy': This function or variable may be unsafe. Consider using strcpy_s instead. To disable deprecation, use _CRT_SECURE_NO_WARNINGS. See online help for details.
H:\code\cpp_disassembly_code\src\01\1.3 反汇编引擎的工作原理\Disasm_Push\Dsasm_Functions.cpp(868,21): warning C4996: 'strcpy': This function or variable may be unsafe. Consider using strcpy_s instead. To disable deprecation, use _CRT_SECURE_NO_WARNINGS. See online help for details.
H:\code\cpp_disassembly_code\src\01\1.3 反汇编引擎的工作原理\Disasm_Push\Dsasm_Functions.cpp(871,21): warning C4996: 'strcpy': This function or variable may be unsafe. Consider using strcpy_s instead. To disable deprecation, use _CRT_SECURE_NO_WARNINGS. See online help for details.
H:\code\cpp_disassembly_code\src\01\1.3 反汇编引擎的工作原理\Disasm_Push\Dsasm_Functions.cpp(874,21): warning C4996: 'strcpy': This function or variable may be unsafe. Consider using strcpy_s instead. To disable deprecation, use _CRT_SECURE_NO_WARNINGS. See online help for details.
H:\code\cpp_disassembly_code\src\01\1.3 反汇编引擎的工作原理\Disasm_Push\Dsasm_Functions.cpp(877,21): warning C4996: 'strcpy': This function or variable may be unsafe. Consider using strcpy_s instead. To disable deprecation, use _CRT_SECURE_NO_WARNINGS. See online help for details.
H:\code\cpp_disassembly_code\src\01\1.3 反汇编引擎的工作原理\Disasm_Push\Dsasm_Functions.cpp(880,21): warning C4996: 'strcpy': This function or variable may be unsafe. Consider using strcpy_s instead. To disable deprecation, use _CRT_SECURE_NO_WARNINGS. See online help for details.
H:\code\cpp_disassembly_code\src\01\1.3 反汇编引擎的工作原理\Disasm_Push\Dsasm_Functions.cpp(883,21): warning C4996: 'strcpy': This function or variable may be unsafe. Consider using strcpy_s instead. To disable deprecation, use _CRT_SECURE_NO_WARNINGS. See online help for details.
H:\code\cpp_disassembly_code\src\01\1.3 反汇编引擎的工作原理\Disasm_Push\Dsasm_Functions.cpp(886,21): warning C4996: 'strcpy': This function or variable may be unsafe. Consider using strcpy_s instead. To disable deprecation, use _CRT_SECURE_NO_WARNINGS. See online help for details.
H:\code\cpp_disassembly_code\src\01\1.3 反汇编引擎的工作原理\Disasm_Push\Dsasm_Functions.cpp(889,21): warning C4996: 'strcpy': This function or variable may be unsafe. Consider using strcpy_s instead. To disable deprecation, use _CRT_SECURE_NO_WARNINGS. See online help for details.
H:\code\cpp_disassembly_code\src\01\1.3 反汇编引擎的工作原理\Disasm_Push\Dsasm_Functions.cpp(892,21): warning C4996: 'strcpy': This function or variable may be unsafe. Consider using strcpy_s instead. To disable deprecation, use _CRT_SECURE_NO_WARNINGS. See online help for details.
H:\code\cpp_disassembly_code\src\01\1.3 反汇编引擎的工作原理\Disasm_Push\Dsasm_Functions.cpp(895,21): warning C4996: 'strcpy': This function or variable may be unsafe. Consider using strcpy_s instead. To disable deprecation, use _CRT_SECURE_NO_WARNINGS. See online help for details.
H:\code\cpp_disassembly_code\src\01\1.3 反汇编引擎的工作原理\Disasm_Push\Dsasm_Functions.cpp(898,21): warning C4996: 'strcpy': This function or variable may be unsafe. Consider using strcpy_s instead. To disable deprecation, use _CRT_SECURE_NO_WARNINGS. See online help for details.
H:\code\cpp_disassembly_code\src\01\1.3 反汇编引擎的工作原理\Disasm_Push\Dsasm_Functions.cpp(901,21): warning C4996: 'strcpy': This function or variable may be unsafe. Consider using strcpy_s instead. To disable deprecation, use _CRT_SECURE_NO_WARNINGS. See online help for details.
H:\code\cpp_disassembly_code\src\01\1.3 反汇编引擎的工作原理\Disasm_Push\Dsasm_Functions.cpp(904,21): warning C4996: 'strcpy': This function or variable may be unsafe. Consider using strcpy_s instead. To disable deprecation, use _CRT_SECURE_NO_WARNINGS. See online help for details.
H:\code\cpp_disassembly_code\src\01\1.3 反汇编引擎的工作原理\Disasm_Push\Dsasm_Functions.cpp(907,21): warning C4996: 'strcpy': This function or variable may be unsafe. Consider using strcpy_s instead. To disable deprecation, use _CRT_SECURE_NO_WARNINGS. See online help for details.
H:\code\cpp_disassembly_code\src\01\1.3 反汇编引擎的工作原理\Disasm_Push\Dsasm_Functions.cpp(910,21): warning C4996: 'strcpy': This function or variable may be unsafe. Consider using strcpy_s instead. To disable deprecation, use _CRT_SECURE_NO_WARNINGS. See online help for details.
H:\code\cpp_disassembly_code\src\01\1.3 反汇编引擎的工作原理\Disasm_Push\Dsasm_Functions.cpp(913,21): warning C4996: 'strcpy': This function or variable may be unsafe. Consider using strcpy_s instead. To disable deprecation, use _CRT_SECURE_NO_WARNINGS. See online help for details.
H:\code\cpp_disassembly_code\src\01\1.3 反汇编引擎的工作原理\Disasm_Push\Dsasm_Functions.cpp(916,21): warning C4996: 'strcpy': This function or variable may be unsafe. Consider using strcpy_s instead. To disable deprecation, use _CRT_SECURE_NO_WARNINGS. See online help for details.
H:\code\cpp_disassembly_code\src\01\1.3 反汇编引擎的工作原理\Disasm_Push\Dsasm_Functions.cpp(919,21): warning C4996: 'strcpy': This function or variable may be unsafe. Consider using strcpy_s instead. To disable deprecation, use _CRT_SECURE_NO_WARNINGS. See online help for details.
H:\code\cpp_disassembly_code\src\01\1.3 反汇编引擎的工作原理\Disasm_Push\Dsasm_Functions.cpp(922,21): warning C4996: 'strcpy': This function or variable may be unsafe. Consider using strcpy_s instead. To disable deprecation, use _CRT_SECURE_NO_WARNINGS. See online help for details.
H:\code\cpp_disassembly_code\src\01\1.3 反汇编引擎的工作原理\Disasm_Push\Dsasm_Functions.cpp(925,21): warning C4996: 'strcpy': This function or variable may be unsafe. Consider using strcpy_s instead. To disable deprecation, use _CRT_SECURE_NO_WARNINGS. See online help for details.
H:\code\cpp_disassembly_code\src\01\1.3 反汇编引擎的工作原理\Disasm_Push\Dsasm_Functions.cpp(928,21): warning C4996: 'strcpy': This function or variable may be unsafe. Consider using strcpy_s instead. To disable deprecation, use _CRT_SECURE_NO_WARNINGS. See online help for details.
H:\code\cpp_disassembly_code\src\01\1.3 反汇编引擎的工作原理\Disasm_Push\Dsasm_Functions.cpp(931,21): warning C4996: 'strcpy': This function or variable may be unsafe. Consider using strcpy_s instead. To disable deprecation, use _CRT_SECURE_NO_WARNINGS. See online help for details.
H:\code\cpp_disassembly_code\src\01\1.3 反汇编引擎的工作原理\Disasm_Push\Dsasm_Functions.cpp(1090,21): warning C4996: 'strcpy': This function or variable may be unsafe. Consider using strcpy_s instead. To disable deprecation, use _CRT_SECURE_NO_WARNINGS. See online help for details.
H:\code\cpp_disassembly_code\src\01\1.3 反汇编引擎的工作原理\Disasm_Push\Dsasm_Functions.cpp(1093,21): warning C4996: 'strcpy': This function or variable may be unsafe. Consider using strcpy_s instead. To disable deprecation, use _CRT_SECURE_NO_WARNINGS. See online help for details.
H:\code\cpp_disassembly_code\src\01\1.3 反汇编引擎的工作原理\Disasm_Push\Dsasm_Functions.cpp(1096,21): warning C4996: 'strcpy': This function or variable may be unsafe. Consider using strcpy_s instead. To disable deprecation, use _CRT_SECURE_NO_WARNINGS. See online help for details.
H:\code\cpp_disassembly_code\src\01\1.3 反汇编引擎的工作原理\Disasm_Push\Dsasm_Functions.cpp(1099,21): warning C4996: 'strcpy': This function or variable may be unsafe. Consider using strcpy_s instead. To disable deprecation, use _CRT_SECURE_NO_WARNINGS. See online help for details.
H:\code\cpp_disassembly_code\src\01\1.3 反汇编引擎的工作原理\Disasm_Push\Dsasm_Functions.cpp(1110,25): warning C4996: 'strcpy': This function or variable may be unsafe. Consider using strcpy_s instead. To disable deprecation, use _CRT_SECURE_NO_WARNINGS. See online help for details.
H:\code\cpp_disassembly_code\src\01\1.3 反汇编引擎的工作原理\Disasm_Push\Dsasm_Functions.cpp(1220,25): warning C4996: 'strcpy': This function or variable may be unsafe. Consider using strcpy_s instead. To disable deprecation, use _CRT_SECURE_NO_WARNINGS. See online help for details.
H:\code\cpp_disassembly_code\src\01\1.3 反汇编引擎的工作原理\Disasm_Push\Dsasm_Functions.cpp(1388,25): warning C4996: 'strcpy': This function or variable may be unsafe. Consider using strcpy_s instead. To disable deprecation, use _CRT_SECURE_NO_WARNINGS. See online help for details.
H:\code\cpp_disassembly_code\src\01\1.3 反汇编引擎的工作原理\Disasm_Push\Dsasm_Functions.cpp(1471,25): warning C4996: 'strcpy': This function or variable may be unsafe. Consider using strcpy_s instead. To disable deprecation, use _CRT_SECURE_NO_WARNINGS. See online help for details.
H:\code\cpp_disassembly_code\src\01\1.3 反汇编引擎的工作原理\Disasm_Push\Dsasm_Functions.cpp(1508,25): warning C4996: 'strcpy': This function or variable may be unsafe. Consider using strcpy_s instead. To disable deprecation, use _CRT_SECURE_NO_WARNINGS. See online help for details.
H:\code\cpp_disassembly_code\src\01\1.3 反汇编引擎的工作原理\Disasm_Push\Dsasm_Functions.cpp(1785,9): warning C4996: 'strcpy': This function or variable may be unsafe. Consider using strcpy_s instead. To disable deprecation, use _CRT_SECURE_NO_WARNINGS. See online help for details.
H:\code\cpp_disassembly_code\src\01\1.3 反汇编引擎的工作原理\Disasm_Push\Dsasm_Functions.cpp(1789,35): warning C4996: 'strcpy': This function or variable may be unsafe. Consider using strcpy_s instead. To disable deprecation, use _CRT_SECURE_NO_WARNINGS. See online help for details.
H:\code\cpp_disassembly_code\src\01\1.3 反汇编引擎的工作原理\Disasm_Push\Dsasm_Functions.cpp(1794,58): warning C4996: 'strcpy': This function or variable may be unsafe. Consider using strcpy_s instead. To disable deprecation, use _CRT_SECURE_NO_WARNINGS. See online help for details.
H:\code\cpp_disassembly_code\src\01\1.3 反汇编引擎的工作原理\Disasm_Push\Dsasm_Functions.cpp(1799,35): warning C4996: 'strcpy': This function or variable may be unsafe. Consider using strcpy_s instead. To disable deprecation, use _CRT_SECURE_NO_WARNINGS. See online help for details.
H:\code\cpp_disassembly_code\src\01\1.3 反汇编引擎的工作原理\Disasm_Push\Dsasm_Functions.cpp(1804,35): warning C4996: 'strcpy': This function or variable may be unsafe. Consider using strcpy_s instead. To disable deprecation, use _CRT_SECURE_NO_WARNINGS. See online help for details.
H:\code\cpp_disassembly_code\src\01\1.3 反汇编引擎的工作原理\Disasm_Push\Dsasm_Functions.cpp(1815,35): warning C4996: 'strcpy': This function or variable may be unsafe. Consider using strcpy_s instead. To disable deprecation, use _CRT_SECURE_NO_WARNINGS. See online help for details.
H:\code\cpp_disassembly_code\src\01\1.3 反汇编引擎的工作原理\Disasm_Push\Dsasm_Functions.cpp(1823,34): warning C4996: 'strcpy': This function or variable may be unsafe. Consider using strcpy_s instead. To disable deprecation, use _CRT_SECURE_NO_WARNINGS. See online help for details.
H:\code\cpp_disassembly_code\src\01\1.3 反汇编引擎的工作原理\Disasm_Push\Dsasm_Functions.cpp(1832,34): warning C4996: 'strcpy': This function or variable may be unsafe. Consider using strcpy_s instead. To disable deprecation, use _CRT_SECURE_NO_WARNINGS. See online help for details.
H:\code\cpp_disassembly_code\src\01\1.3 反汇编引擎的工作原理\Disasm_Push\Dsasm_Functions.cpp(1836,9): warning C4996: 'strcpy': This function or variable may be unsafe. Consider using strcpy_s instead. To disable deprecation, use _CRT_SECURE_NO_WARNINGS. See online help for details.
H:\code\cpp_disassembly_code\src\01\1.3 反汇编引擎的工作原理\Disasm_Push\Dsasm_Functions.cpp(1841,13): warning C4996: 'strcpy': This function or variable may be unsafe. Consider using strcpy_s instead. To disable deprecation, use _CRT_SECURE_NO_WARNINGS. See online help for details.
H:\code\cpp_disassembly_code\src\01\1.3 反汇编引擎的工作原理\Disasm_Push\Dsasm_Functions.cpp(1847,35): warning C4996: 'strcpy': This function or variable may be unsafe. Consider using strcpy_s instead. To disable deprecation, use _CRT_SECURE_NO_WARNINGS. See online help for details.
H:\code\cpp_disassembly_code\src\01\1.3 反汇编引擎的工作原理\Disasm_Push\Dsasm_Functions.cpp(1856,35): warning C4996: 'strcpy': This function or variable may be unsafe. Consider using strcpy_s instead. To disable deprecation, use _CRT_SECURE_NO_WARNINGS. See online help for details.
H:\code\cpp_disassembly_code\src\01\1.3 反汇编引擎的工作原理\Disasm_Push\Dsasm_Functions.cpp(1862,47): warning C4996: 'strcpy': This function or variable may be unsafe. Consider using strcpy_s instead. To disable deprecation, use _CRT_SECURE_NO_WARNINGS. See online help for details.
H:\code\cpp_disassembly_code\src\01\1.3 反汇编引擎的工作原理\Disasm_Push\Dsasm_Functions.cpp(1868,35): warning C4996: 'strcpy': This function or variable may be unsafe. Consider using strcpy_s instead. To disable deprecation, use _CRT_SECURE_NO_WARNINGS. See online help for details.
H:\code\cpp_disassembly_code\src\01\1.3 反汇编引擎的工作原理\Disasm_Push\Dsasm_Functions.cpp(1874,35): warning C4996: 'strcpy': This function or variable may be unsafe. Consider using strcpy_s instead. To disable deprecation, use _CRT_SECURE_NO_WARNINGS. See online help for details.
H:\code\cpp_disassembly_code\src\01\1.3 反汇编引擎的工作原理\Disasm_Push\Dsasm_Functions.cpp(1879,48): warning C4996: 'strcpy': This function or variable may be unsafe. Consider using strcpy_s instead. To disable deprecation, use _CRT_SECURE_NO_WARNINGS. See online help for details.
H:\code\cpp_disassembly_code\src\01\1.3 反汇编引擎的工作原理\Disasm_Push\Dsasm_Functions.cpp(1890,17): warning C4996: 'strcpy': This function or variable may be unsafe. Consider using strcpy_s instead. To disable deprecation, use _CRT_SECURE_NO_WARNINGS. See online help for details.
H:\code\cpp_disassembly_code\src\01\1.3 反汇编引擎的工作原理\Disasm_Push\Dsasm_Functions.cpp(1894,17): warning C4996: 'strcpy': This function or variable may be unsafe. Consider using strcpy_s instead. To disable deprecation, use _CRT_SECURE_NO_WARNINGS. See online help for details.
H:\code\cpp_disassembly_code\src\01\1.3 反汇编引擎的工作原理\Disasm_Push\Dsasm_Functions.cpp(1898,17): warning C4996: 'strcpy': This function or variable may be unsafe. Consider using strcpy_s instead. To disable deprecation, use _CRT_SECURE_NO_WARNINGS. See online help for details.
H:\code\cpp_disassembly_code\src\01\1.3 反汇编引擎的工作原理\Disasm_Push\Dsasm_Functions.cpp(1906,48): warning C4996: 'strcpy': This function or variable may be unsafe. Consider using strcpy_s instead. To disable deprecation, use _CRT_SECURE_NO_WARNINGS. See online help for details.
H:\code\cpp_disassembly_code\src\01\1.3 反汇编引擎的工作原理\Disasm_Push\Dsasm_Functions.cpp(1913,49): warning C4996: 'strcpy': This function or variable may be unsafe. Consider using strcpy_s instead. To disable deprecation, use _CRT_SECURE_NO_WARNINGS. See online help for details.
H:\code\cpp_disassembly_code\src\01\1.3 反汇编引擎的工作原理\Disasm_Push\Dsasm_Functions.cpp(1918,49): warning C4996: 'strcpy': This function or variable may be unsafe. Consider using strcpy_s instead. To disable deprecation, use _CRT_SECURE_NO_WARNINGS. See online help for details.
H:\code\cpp_disassembly_code\src\01\1.3 反汇编引擎的工作原理\Disasm_Push\Dsasm_Functions.cpp(1924,48): warning C4996: 'strcpy': This function or variable may be unsafe. Consider using strcpy_s instead. To disable deprecation, use _CRT_SECURE_NO_WARNINGS. See online help for details.
H:\code\cpp_disassembly_code\src\01\1.3 反汇编引擎的工作原理\Disasm_Push\Dsasm_Functions.cpp(1936,17): warning C4996: 'strcpy': This function or variable may be unsafe. Consider using strcpy_s instead. To disable deprecation, use _CRT_SECURE_NO_WARNINGS. See online help for details.
H:\code\cpp_disassembly_code\src\01\1.3 反汇编引擎的工作原理\Disasm_Push\Dsasm_Functions.cpp(1941,17): warning C4996: 'strcpy': This function or variable may be unsafe. Consider using strcpy_s instead. To disable deprecation, use _CRT_SECURE_NO_WARNINGS. See online help for details.
H:\code\cpp_disassembly_code\src\01\1.3 反汇编引擎的工作原理\Disasm_Push\Dsasm_Functions.cpp(1944,17): warning C4996: 'strcpy': This function or variable may be unsafe. Consider using strcpy_s instead. To disable deprecation, use _CRT_SECURE_NO_WARNINGS. See online help for details.
H:\code\cpp_disassembly_code\src\01\1.3 反汇编引擎的工作原理\Disasm_Push\Dsasm_Functions.cpp(1952,48): warning C4996: 'strcpy': This function or variable may be unsafe. Consider using strcpy_s instead. To disable deprecation, use _CRT_SECURE_NO_WARNINGS. See online help for details.
H:\code\cpp_disassembly_code\src\01\1.3 反汇编引擎的工作原理\Disasm_Push\Dsasm_Functions.cpp(1964,17): warning C4996: 'strcpy': This function or variable may be unsafe. Consider using strcpy_s instead. To disable deprecation, use _CRT_SECURE_NO_WARNINGS. See online help for details.
H:\code\cpp_disassembly_code\src\01\1.3 反汇编引擎的工作原理\Disasm_Push\Dsasm_Functions.cpp(1968,17): warning C4996: 'strcpy': This function or variable may be unsafe. Consider using strcpy_s instead. To disable deprecation, use _CRT_SECURE_NO_WARNINGS. See online help for details.
H:\code\cpp_disassembly_code\src\01\1.3 反汇编引擎的工作原理\Disasm_Push\Dsasm_Functions.cpp(1972,17): warning C4996: 'strcpy': This function or variable may be unsafe. Consider using strcpy_s instead. To disable deprecation, use _CRT_SECURE_NO_WARNINGS. See online help for details.
H:\code\cpp_disassembly_code\src\01\1.3 反汇编引擎的工作原理\Disasm_Push\Dsasm_Functions.cpp(1979,35): warning C4996: 'strcpy': This function or variable may be unsafe. Consider using strcpy_s instead. To disable deprecation, use _CRT_SECURE_NO_WARNINGS. See online help for details.
H:\code\cpp_disassembly_code\src\01\1.3 反汇编引擎的工作原理\Disasm_Push\Dsasm_Functions.cpp(1987,17): warning C4996: 'strcpy': This function or variable may be unsafe. Consider using strcpy_s instead. To disable deprecation, use _CRT_SECURE_NO_WARNINGS. See online help for details.
H:\code\cpp_disassembly_code\src\01\1.3 反汇编引擎的工作原理\Disasm_Push\Dsasm_Functions.cpp(1992,17): warning C4996: 'strcpy': This function or variable may be unsafe. Consider using strcpy_s instead. To disable deprecation, use _CRT_SECURE_NO_WARNINGS. See online help for details.
H:\code\cpp_disassembly_code\src\01\1.3 反汇编引擎的工作原理\Disasm_Push\Dsasm_Functions.cpp(2005,9): warning C4996: 'strcpy': This function or variable may be unsafe. Consider using strcpy_s instead. To disable deprecation, use _CRT_SECURE_NO_WARNINGS. See online help for details.
H:\code\cpp_disassembly_code\src\01\1.3 反汇编引擎的工作原理\Disasm_Push\Dsasm_Functions.cpp(2018,17): warning C4996: 'strcpy': This function or variable may be unsafe. Consider using strcpy_s instead. To disable deprecation, use _CRT_SECURE_NO_WARNINGS. See online help for details.
H:\code\cpp_disassembly_code\src\01\1.3 反汇编引擎的工作原理\Disasm_Push\Dsasm_Functions.cpp(2022,21): warning C4996: 'strcpy': This function or variable may be unsafe. Consider using strcpy_s instead. To disable deprecation, use _CRT_SECURE_NO_WARNINGS. See online help for details.
H:\code\cpp_disassembly_code\src\01\1.3 反汇编引擎的工作原理\Disasm_Push\Dsasm_Functions.cpp(2314,29): warning C4996: 'strcpy': This function or variable may be unsafe. Consider using strcpy_s instead. To disable deprecation, use _CRT_SECURE_NO_WARNINGS. See online help for details.
H:\code\cpp_disassembly_code\src\01\1.3 反汇编引擎的工作原理\Disasm_Push\Dsasm_Functions.cpp(2318,25): warning C4996: 'strcpy': This function or variable may be unsafe. Consider using strcpy_s instead. To disable deprecation, use _CRT_SECURE_NO_WARNINGS. See online help for details.
H:\code\cpp_disassembly_code\src\01\1.3 反汇编引擎的工作原理\Disasm_Push\Dsasm_Functions.cpp(2476,25): warning C4996: 'strcpy': This function or variable may be unsafe. Consider using strcpy_s instead. To disable deprecation, use _CRT_SECURE_NO_WARNINGS. See online help for details.
H:\code\cpp_disassembly_code\src\01\1.3 反汇编引擎的工作原理\Disasm_Push\Dsasm_Functions.cpp(2533,25): warning C4996: 'strcpy': This function or variable may be unsafe. Consider using strcpy_s instead. To disable deprecation, use _CRT_SECURE_NO_WARNINGS. See online help for details.
H:\code\cpp_disassembly_code\src\01\1.3 反汇编引擎的工作原理\Disasm_Push\Dsasm_Functions.cpp(2763,25): warning C4996: 'strcpy': This function or variable may be unsafe. Consider using strcpy_s instead. To disable deprecation, use _CRT_SECURE_NO_WARNINGS. See online help for details.
H:\code\cpp_disassembly_code\src\01\1.3 反汇编引擎的工作原理\Disasm_Push\Dsasm_Functions.cpp(2910,25): warning C4996: 'strcpy': This function or variable may be unsafe. Consider using strcpy_s instead. To disable deprecation, use _CRT_SECURE_NO_WARNINGS. See online help for details.
H:\code\cpp_disassembly_code\src\01\1.3 反汇编引擎的工作原理\Disasm_Push\Dsasm_Functions.cpp(3087,25): warning C4996: 'strcpy': This function or variable may be unsafe. Consider using strcpy_s instead. To disable deprecation, use _CRT_SECURE_NO_WARNINGS. See online help for details.
H:\code\cpp_disassembly_code\src\01\1.3 反汇编引擎的工作原理\Disasm_Push\Dsasm_Functions.cpp(3100,25): warning C4996: 'strcpy': This function or variable may be unsafe. Consider using strcpy_s instead. To disable deprecation, use _CRT_SECURE_NO_WARNINGS. See online help for details.
H:\code\cpp_disassembly_code\src\01\1.3 反汇编引擎的工作原理\Disasm_Push\Dsasm_Functions.cpp(3122,17): warning C4996: 'strcpy': This function or variable may be unsafe. Consider using strcpy_s instead. To disable deprecation, use _CRT_SECURE_NO_WARNINGS. See online help for details.
H:\code\cpp_disassembly_code\src\01\1.3 反汇编引擎的工作原理\Disasm_Push\Dsasm_Functions.cpp(3335,29): warning C4996: 'strcpy': This function or variable may be unsafe. Consider using strcpy_s instead. To disable deprecation, use _CRT_SECURE_NO_WARNINGS. See online help for details.
H:\code\cpp_disassembly_code\src\01\1.3 反汇编引擎的工作原理\Disasm_Push\Dsasm_Functions.cpp(3339,25): warning C4996: 'strcpy': This function or variable may be unsafe. Consider using strcpy_s instead. To disable deprecation, use _CRT_SECURE_NO_WARNINGS. See online help for details.
H:\code\cpp_disassembly_code\src\01\1.3 反汇编引擎的工作原理\Disasm_Push\Dsasm_Functions.cpp(3595,25): warning C4996: 'strcpy': This function or variable may be unsafe. Consider using strcpy_s instead. To disable deprecation, use _CRT_SECURE_NO_WARNINGS. See online help for details.
H:\code\cpp_disassembly_code\src\01\1.3 反汇编引擎的工作原理\Disasm_Push\Dsasm_Functions.cpp(3671,25): warning C4996: 'strcpy': This function or variable may be unsafe. Consider using strcpy_s instead. To disable deprecation, use _CRT_SECURE_NO_WARNINGS. See online help for details.
H:\code\cpp_disassembly_code\src\01\1.3 反汇编引擎的工作原理\Disasm_Push\Dsasm_Functions.cpp(3683,25): warning C4996: 'strcpy': This function or variable may be unsafe. Consider using strcpy_s instead. To disable deprecation, use _CRT_SECURE_NO_WARNINGS. See online help for details.
H:\code\cpp_disassembly_code\src\01\1.3 反汇编引擎的工作原理\Disasm_Push\Dsasm_Functions.cpp(3834,25): warning C4996: 'strcpy': This function or variable may be unsafe. Consider using strcpy_s instead. To disable deprecation, use _CRT_SECURE_NO_WARNINGS. See online help for details.
H:\code\cpp_disassembly_code\src\01\1.3 反汇编引擎的工作原理\Disasm_Push\Dsasm_Functions.cpp(4166,25): warning C4996: 'strcpy': This function or variable may be unsafe. Consider using strcpy_s instead. To disable deprecation, use _CRT_SECURE_NO_WARNINGS. See online help for details.
H:\code\cpp_disassembly_code\src\01\1.3 反汇编引擎的工作原理\Disasm_Push\Dsasm_Functions.cpp(4178,25): warning C4996: 'strcpy': This function or variable may be unsafe. Consider using strcpy_s instead. To disable deprecation, use _CRT_SECURE_NO_WARNINGS. See online help for details.
H:\code\cpp_disassembly_code\src\01\1.3 反汇编引擎的工作原理\Disasm_Push\Dsasm_Functions.cpp(4345,25): warning C4996: 'strcpy': This function or variable may be unsafe. Consider using strcpy_s instead. To disable deprecation, use _CRT_SECURE_NO_WARNINGS. See online help for details.
H:\code\cpp_disassembly_code\src\01\1.3 反汇编引擎的工作原理\Disasm_Push\Dsasm_Functions.cpp(4418,17): warning C4996: 'strcpy': This function or variable may be unsafe. Consider using strcpy_s instead. To disable deprecation, use _CRT_SECURE_NO_WARNINGS. See online help for details.
H:\code\cpp_disassembly_code\src\01\1.3 反汇编引擎的工作原理\Disasm_Push\Dsasm_Functions.cpp(4479,17): warning C4996: 'strcpy': This function or variable may be unsafe. Consider using strcpy_s instead. To disable deprecation, use _CRT_SECURE_NO_WARNINGS. See online help for details.
H:\code\cpp_disassembly_code\src\01\1.3 反汇编引擎的工作原理\Disasm_Push\Dsasm_Functions.cpp(4545,29): warning C4996: 'strcpy': This function or variable may be unsafe. Consider using strcpy_s instead. To disable deprecation, use _CRT_SECURE_NO_WARNINGS. See online help for details.
H:\code\cpp_disassembly_code\src\01\1.3 反汇编引擎的工作原理\Disasm_Push\Dsasm_Functions.cpp(4607,25): warning C4996: 'strcpy': This function or variable may be unsafe. Consider using strcpy_s instead. To disable deprecation, use _CRT_SECURE_NO_WARNINGS. See online help for details.
H:\code\cpp_disassembly_code\src\01\1.3 反汇编引擎的工作原理\Disasm_Push\Dsasm_Functions.cpp(4823,25): warning C4996: 'strcpy': This function or variable may be unsafe. Consider using strcpy_s instead. To disable deprecation, use _CRT_SECURE_NO_WARNINGS. See online help for details.
H:\code\cpp_disassembly_code\src\01\1.3 反汇编引擎的工作原理\Disasm_Push\Dsasm_Functions.cpp(4897,25): warning C4996: 'strcpy': This function or variable may be unsafe. Consider using strcpy_s instead. To disable deprecation, use _CRT_SECURE_NO_WARNINGS. See online help for details.
H:\code\cpp_disassembly_code\src\01\1.3 反汇编引擎的工作原理\Disasm_Push\Dsasm_Functions.cpp(4909,25): warning C4996: 'strcpy': This function or variable may be unsafe. Consider using strcpy_s instead. To disable deprecation, use _CRT_SECURE_NO_WARNINGS. See online help for details.
H:\code\cpp_disassembly_code\src\01\1.3 反汇编引擎的工作原理\Disasm_Push\Dsasm_Functions.cpp(5044,25): warning C4996: 'strcpy': This function or variable may be unsafe. Consider using strcpy_s instead. To disable deprecation, use _CRT_SECURE_NO_WARNINGS. See online help for details.
H:\code\cpp_disassembly_code\src\01\1.3 反汇编引擎的工作原理\Disasm_Push\Dsasm_Functions.cpp(5363,25): warning C4996: 'strcpy': This function or variable may be unsafe. Consider using strcpy_s instead. To disable deprecation, use _CRT_SECURE_NO_WARNINGS. See online help for details.
H:\code\cpp_disassembly_code\src\01\1.3 反汇编引擎的工作原理\Disasm_Push\Dsasm_Functions.cpp(5375,25): warning C4996: 'strcpy': This function or variable may be unsafe. Consider using strcpy_s instead. To disable deprecation, use _CRT_SECURE_NO_WARNINGS. See online help for details.
H:\code\cpp_disassembly_code\src\01\1.3 反汇编引擎的工作原理\Disasm_Push\Dsasm_Functions.cpp(5429,9): warning C4996: 'strcpy': This function or variable may be unsafe. Consider using strcpy_s instead. To disable deprecation, use _CRT_SECURE_NO_WARNINGS. See online help for details.
H:\code\cpp_disassembly_code\src\01\1.3 反汇编引擎的工作原理\Disasm_Push\Dsasm_Functions.cpp(5437,9): warning C4996: 'strcpy': This function or variable may be unsafe. Consider using strcpy_s instead. To disable deprecation, use _CRT_SECURE_NO_WARNINGS. See online help for details.
H:\code\cpp_disassembly_code\src\01\1.3 反汇编引擎的工作原理\Disasm_Push\Dsasm_Functions.cpp(5445,9): warning C4996: 'strcpy': This function or variable may be unsafe. Consider using strcpy_s instead. To disable deprecation, use _CRT_SECURE_NO_WARNINGS. See online help for details.
H:\code\cpp_disassembly_code\src\01\1.3 反汇编引擎的工作原理\Disasm_Push\Dsasm_Functions.cpp(5453,9): warning C4996: 'strcpy': This function or variable may be unsafe. Consider using strcpy_s instead. To disable deprecation, use _CRT_SECURE_NO_WARNINGS. See online help for details.
H:\code\cpp_disassembly_code\src\01\1.3 反汇编引擎的工作原理\Disasm_Push\Dsasm_Functions.cpp(5461,9): warning C4996: 'strcpy': This function or variable may be unsafe. Consider using strcpy_s instead. To disable deprecation, use _CRT_SECURE_NO_WARNINGS. See online help for details.
H:\code\cpp_disassembly_code\src\01\1.3 反汇编引擎的工作原理\Disasm_Push\Dsasm_Functions.cpp(5469,9): warning C4996: 'strcpy': This function or variable may be unsafe. Consider using strcpy_s instead. To disable deprecation, use _CRT_SECURE_NO_WARNINGS. See online help for details.
H:\code\cpp_disassembly_code\src\01\1.3 反汇编引擎的工作原理\Disasm_Push\Dsasm_Functions.cpp(5477,9): warning C4996: 'strcpy': This function or variable may be unsafe. Consider using strcpy_s instead. To disable deprecation, use _CRT_SECURE_NO_WARNINGS. See online help for details.
H:\code\cpp_disassembly_code\src\01\1.3 反汇编引擎的工作原理\Disasm_Push\Dsasm_Functions.cpp(5485,9): warning C4996: 'strcpy': This function or variable may be unsafe. Consider using strcpy_s instead. To disable deprecation, use _CRT_SECURE_NO_WARNINGS. See online help for details.
H:\code\cpp_disassembly_code\src\01\1.3 反汇编引擎的工作原理\Disasm_Push\Dsasm_Functions.cpp(5494,9): warning C4996: 'strcpy': This function or variable may be unsafe. Consider using strcpy_s instead. To disable deprecation, use _CRT_SECURE_NO_WARNINGS. See online help for details.
H:\code\cpp_disassembly_code\src\01\1.3 反汇编引擎的工作原理\Disasm_Push\Dsasm_Functions.cpp(5497,9): warning C4996: 'strcpy': This function or variable may be unsafe. Consider using strcpy_s instead. To disable deprecation, use _CRT_SECURE_NO_WARNINGS. See online help for details.
H:\code\cpp_disassembly_code\src\01\1.3 反汇编引擎的工作原理\Disasm_Push\Dsasm_Functions.cpp(5500,9): warning C4996: 'strcpy': This function or variable may be unsafe. Consider using strcpy_s instead. To disable deprecation, use _CRT_SECURE_NO_WARNINGS. See online help for details.
H:\code\cpp_disassembly_code\src\01\1.3 反汇编引擎的工作原理\Disasm_Push\Dsasm_Functions.cpp(5504,9): warning C4996: 'strcpy': This function or variable may be unsafe. Consider using strcpy_s instead. To disable deprecation, use _CRT_SECURE_NO_WARNINGS. See online help for details.
H:\code\cpp_disassembly_code\src\01\1.3 反汇编引擎的工作原理\Disasm_Push\Dsasm_Functions.cpp(5508,9): warning C4996: 'strcpy': This function or variable may be unsafe. Consider using strcpy_s instead. To disable deprecation, use _CRT_SECURE_NO_WARNINGS. See online help for details.
H:\code\cpp_disassembly_code\src\01\1.3 反汇编引擎的工作原理\Disasm_Push\Dsasm_Functions.cpp(5512,9): warning C4996: 'strcpy': This function or variable may be unsafe. Consider using strcpy_s instead. To disable deprecation, use _CRT_SECURE_NO_WARNINGS. See online help for details.
H:\code\cpp_disassembly_code\src\01\1.3 反汇编引擎的工作原理\Disasm_Push\Dsasm_Functions.cpp(5516,9): warning C4996: 'strcpy': This function or variable may be unsafe. Consider using strcpy_s instead. To disable deprecation, use _CRT_SECURE_NO_WARNINGS. See online help for details.
H:\code\cpp_disassembly_code\src\01\1.3 反汇编引擎的工作原理\Disasm_Push\Dsasm_Functions.cpp(5520,9): warning C4996: 'strcpy': This function or variable may be unsafe. Consider using strcpy_s instead. To disable deprecation, use _CRT_SECURE_NO_WARNINGS. See online help for details.
H:\code\cpp_disassembly_code\src\01\1.3 反汇编引擎的工作原理\Disasm_Push\Dsasm_Functions.cpp(5523,9): warning C4996: 'strcpy': This function or variable may be unsafe. Consider using strcpy_s instead. To disable deprecation, use _CRT_SECURE_NO_WARNINGS. See online help for details.
H:\code\cpp_disassembly_code\src\01\1.3 反汇编引擎的工作原理\Disasm_Push\Dsasm_Functions.cpp(5526,9): warning C4996: 'strcpy': This function or variable may be unsafe. Consider using strcpy_s instead. To disable deprecation, use _CRT_SECURE_NO_WARNINGS. See online help for details.
H:\code\cpp_disassembly_code\src\01\1.3 反汇编引擎的工作原理\Disasm_Push\Dsasm_Functions.cpp(5529,9): warning C4996: 'strcpy': This function or variable may be unsafe. Consider using strcpy_s instead. To disable deprecation, use _CRT_SECURE_NO_WARNINGS. See online help for details.
H:\code\cpp_disassembly_code\src\01\1.3 反汇编引擎的工作原理\Disasm_Push\Dsasm_Functions.cpp(5532,9): warning C4996: 'strcpy': This function or variable may be unsafe. Consider using strcpy_s instead. To disable deprecation, use _CRT_SECURE_NO_WARNINGS. See online help for details.
H:\code\cpp_disassembly_code\src\01\1.3 反汇编引擎的工作原理\Disasm_Push\Dsasm_Functions.cpp(5546,9): warning C4996: 'strcpy': This function or variable may be unsafe. Consider using strcpy_s instead. To disable deprecation, use _CRT_SECURE_NO_WARNINGS. See online help for details.
H:\code\cpp_disassembly_code\src\01\1.3 反汇编引擎的工作原理\Disasm_Push\Dsasm_Functions.cpp(5549,9): warning C4996: 'strcpy': This function or variable may be unsafe. Consider using strcpy_s instead. To disable deprecation, use _CRT_SECURE_NO_WARNINGS. See online help for details.
H:\code\cpp_disassembly_code\src\01\1.3 反汇编引擎的工作原理\Disasm_Push\Dsasm_Functions.cpp(5552,9): warning C4996: 'strcpy': This function or variable may be unsafe. Consider using strcpy_s instead. To disable deprecation, use _CRT_SECURE_NO_WARNINGS. See online help for details.
H:\code\cpp_disassembly_code\src\01\1.3 反汇编引擎的工作原理\Disasm_Push\Dsasm_Functions.cpp(5555,9): warning C4996: 'strcpy': This function or variable may be unsafe. Consider using strcpy_s instead. To disable deprecation, use _CRT_SECURE_NO_WARNINGS. See online help for details.
H:\code\cpp_disassembly_code\src\01\1.3 反汇编引擎的工作原理\Disasm_Push\Dsasm_Functions.cpp(5558,9): warning C4996: 'strcpy': This function or variable may be unsafe. Consider using strcpy_s instead. To disable deprecation, use _CRT_SECURE_NO_WARNINGS. See online help for details.
H:\code\cpp_disassembly_code\src\01\1.3 反汇编引擎的工作原理\Disasm_Push\Dsasm_Functions.cpp(5561,9): warning C4996: 'strcpy': This function or variable may be unsafe. Consider using strcpy_s instead. To disable deprecation, use _CRT_SECURE_NO_WARNINGS. See online help for details.
H:\code\cpp_disassembly_code\src\01\1.3 反汇编引擎的工作原理\Disasm_Push\Dsasm_Functions.cpp(5564,9): warning C4996: 'strcpy': This function or variable may be unsafe. Consider using strcpy_s instead. To disable deprecation, use _CRT_SECURE_NO_WARNINGS. See online help for details.
H:\code\cpp_disassembly_code\src\01\1.3 反汇编引擎的工作原理\Disasm_Push\Dsasm_Functions.cpp(5567,9): warning C4996: 'strcpy': This function or variable may be unsafe. Consider using strcpy_s instead. To disable deprecation, use _CRT_SECURE_NO_WARNINGS. See online help for details.
H:\code\cpp_disassembly_code\src\01\1.3 反汇编引擎的工作原理\Disasm_Push\Dsasm_Functions.cpp(5570,9): warning C4996: 'strcpy': This function or variable may be unsafe. Consider using strcpy_s instead. To disable deprecation, use _CRT_SECURE_NO_WARNINGS. See online help for details.
H:\code\cpp_disassembly_code\src\01\1.3 反汇编引擎的工作原理\Disasm_Push\Dsasm_Functions.cpp(5573,9): warning C4996: 'strcpy': This function or variable may be unsafe. Consider using strcpy_s instead. To disable deprecation, use _CRT_SECURE_NO_WARNINGS. See online help for details.
H:\code\cpp_disassembly_code\src\01\1.3 反汇编引擎的工作原理\Disasm_Push\Dsasm_Functions.cpp(5576,9): warning C4996: 'strcpy': This function or variable may be unsafe. Consider using strcpy_s instead. To disable deprecation, use _CRT_SECURE_NO_WARNINGS. See online help for details.
H:\code\cpp_disassembly_code\src\01\1.3 反汇编引擎的工作原理\Disasm_Push\Dsasm_Functions.cpp(5579,9): warning C4996: 'strcpy': This function or variable may be unsafe. Consider using strcpy_s instead. To disable deprecation, use _CRT_SECURE_NO_WARNINGS. See online help for details.
H:\code\cpp_disassembly_code\src\01\1.3 反汇编引擎的工作原理\Disasm_Push\Dsasm_Functions.cpp(5582,9): warning C4996: 'strcpy': This function or variable may be unsafe. Consider using strcpy_s instead. To disable deprecation, use _CRT_SECURE_NO_WARNINGS. See online help for details.
H:\code\cpp_disassembly_code\src\01\1.3 反汇编引擎的工作原理\Disasm_Push\Dsasm_Functions.cpp(5585,9): warning C4996: 'strcpy': This function or variable may be unsafe. Consider using strcpy_s instead. To disable deprecation, use _CRT_SECURE_NO_WARNINGS. See online help for details.
H:\code\cpp_disassembly_code\src\01\1.3 反汇编引擎的工作原理\Disasm_Push\Dsasm_Functions.cpp(5588,9): warning C4996: 'strcpy': This function or variable may be unsafe. Consider using strcpy_s instead. To disable deprecation, use _CRT_SECURE_NO_WARNINGS. See online help for details.
H:\code\cpp_disassembly_code\src\01\1.3 反汇编引擎的工作原理\Disasm_Push\Dsasm_Functions.cpp(5591,9): warning C4996: 'strcpy': This function or variable may be unsafe. Consider using strcpy_s instead. To disable deprecation, use _CRT_SECURE_NO_WARNINGS. See online help for details.
H:\code\cpp_disassembly_code\src\01\1.3 反汇编引擎的工作原理\Disasm_Push\Dsasm_Functions.cpp(5594,9): warning C4996: 'strcpy': This function or variable may be unsafe. Consider using strcpy_s instead. To disable deprecation, use _CRT_SECURE_NO_WARNINGS. See online help for details.
H:\code\cpp_disassembly_code\src\01\1.3 反汇编引擎的工作原理\Disasm_Push\Dsasm_Functions.cpp(5597,9): warning C4996: 'strcpy': This function or variable may be unsafe. Consider using strcpy_s instead. To disable deprecation, use _CRT_SECURE_NO_WARNINGS. See online help for details.
H:\code\cpp_disassembly_code\src\01\1.3 反汇编引擎的工作原理\Disasm_Push\Dsasm_Functions.cpp(5600,9): warning C4996: 'strcpy': This function or variable may be unsafe. Consider using strcpy_s instead. To disable deprecation, use _CRT_SECURE_NO_WARNINGS. See online help for details.
H:\code\cpp_disassembly_code\src\01\1.3 反汇编引擎的工作原理\Disasm_Push\Dsasm_Functions.cpp(5603,9): warning C4996: 'strcpy': This function or variable may be unsafe. Consider using strcpy_s instead. To disable deprecation, use _CRT_SECURE_NO_WARNINGS. See online help for details.
H:\code\cpp_disassembly_code\src\01\1.3 反汇编引擎的工作原理\Disasm_Push\Dsasm_Functions.cpp(5606,9): warning C4996: 'strcpy': This function or variable may be unsafe. Consider using strcpy_s instead. To disable deprecation, use _CRT_SECURE_NO_WARNINGS. See online help for details.
H:\code\cpp_disassembly_code\src\01\1.3 反汇编引擎的工作原理\Disasm_Push\Dsasm_Functions.cpp(5737,9): warning C4996: 'strcpy': This function or variable may be unsafe. Consider using strcpy_s instead. To disable deprecation, use _CRT_SECURE_NO_WARNINGS. See online help for details.
H:\code\cpp_disassembly_code\src\01\1.3 反汇编引擎的工作原理\Disasm_Push\Dsasm_Functions.cpp(5740,9): warning C4996: 'strcpy': This function or variable may be unsafe. Consider using strcpy_s instead. To disable deprecation, use _CRT_SECURE_NO_WARNINGS. See online help for details.
H:\code\cpp_disassembly_code\src\01\1.3 反汇编引擎的工作原理\Disasm_Push\Dsasm_Functions.cpp(5743,9): warning C4996: 'strcpy': This function or variable may be unsafe. Consider using strcpy_s instead. To disable deprecation, use _CRT_SECURE_NO_WARNINGS. See online help for details.
H:\code\cpp_disassembly_code\src\01\1.3 反汇编引擎的工作原理\Disasm_Push\Dsasm_Functions.cpp(5746,9): warning C4996: 'strcpy': This function or variable may be unsafe. Consider using strcpy_s instead. To disable deprecation, use _CRT_SECURE_NO_WARNINGS. See online help for details.
H:\code\cpp_disassembly_code\src\01\1.3 反汇编引擎的工作原理\Disasm_Push\Dsasm_Functions.cpp(5749,9): warning C4996: 'strcpy': This function or variable may be unsafe. Consider using strcpy_s instead. To disable deprecation, use _CRT_SECURE_NO_WARNINGS. See online help for details.
H:\code\cpp_disassembly_code\src\01\1.3 反汇编引擎的工作原理\Disasm_Push\Dsasm_Functions.cpp(5752,9): warning C4996: 'strcpy': This function or variable may be unsafe. Consider using strcpy_s instead. To disable deprecation, use _CRT_SECURE_NO_WARNINGS. See online help for details.
H:\code\cpp_disassembly_code\src\01\1.3 反汇编引擎的工作原理\Disasm_Push\Dsasm_Functions.cpp(5755,9): warning C4996: 'strcpy': This function or variable may be unsafe. Consider using strcpy_s instead. To disable deprecation, use _CRT_SECURE_NO_WARNINGS. See online help for details.
H:\code\cpp_disassembly_code\src\01\1.3 反汇编引擎的工作原理\Disasm_Push\Dsasm_Functions.cpp(5758,9): warning C4996: 'strcpy': This function or variable may be unsafe. Consider using strcpy_s instead. To disable deprecation, use _CRT_SECURE_NO_WARNINGS. See online help for details.
H:\code\cpp_disassembly_code\src\01\1.3 反汇编引擎的工作原理\Disasm_Push\Dsasm_Functions.cpp(5761,9): warning C4996: 'strcpy': This function or variable may be unsafe. Consider using strcpy_s instead. To disable deprecation, use _CRT_SECURE_NO_WARNINGS. See online help for details.
H:\code\cpp_disassembly_code\src\01\1.3 反汇编引擎的工作原理\Disasm_Push\Dsasm_Functions.cpp(5764,9): warning C4996: 'strcpy': This function or variable may be unsafe. Consider using strcpy_s instead. To disable deprecation, use _CRT_SECURE_NO_WARNINGS. See online help for details.
H:\code\cpp_disassembly_code\src\01\1.3 反汇编引擎的工作原理\Disasm_Push\Dsasm_Functions.cpp(5767,9): warning C4996: 'strcpy': This function or variable may be unsafe. Consider using strcpy_s instead. To disable deprecation, use _CRT_SECURE_NO_WARNINGS. See online help for details.
H:\code\cpp_disassembly_code\src\01\1.3 反汇编引擎的工作原理\Disasm_Push\Dsasm_Functions.cpp(5770,9): warning C4996: 'strcpy': This function or variable may be unsafe. Consider using strcpy_s instead. To disable deprecation, use _CRT_SECURE_NO_WARNINGS. See online help for details.
H:\code\cpp_disassembly_code\src\01\1.3 反汇编引擎的工作原理\Disasm_Push\Dsasm_Functions.cpp(5773,9): warning C4996: 'strcpy': This function or variable may be unsafe. Consider using strcpy_s instead. To disable deprecation, use _CRT_SECURE_NO_WARNINGS. See online help for details.
H:\code\cpp_disassembly_code\src\01\1.3 反汇编引擎的工作原理\Disasm_Push\Dsasm_Functions.cpp(5776,9): warning C4996: 'strcpy': This function or variable may be unsafe. Consider using strcpy_s instead. To disable deprecation, use _CRT_SECURE_NO_WARNINGS. See online help for details.
H:\code\cpp_disassembly_code\src\01\1.3 反汇编引擎的工作原理\Disasm_Push\Dsasm_Functions.cpp(5779,9): warning C4996: 'strcpy': This function or variable may be unsafe. Consider using strcpy_s instead. To disable deprecation, use _CRT_SECURE_NO_WARNINGS. See online help for details.
H:\code\cpp_disassembly_code\src\01\1.3 反汇编引擎的工作原理\Disasm_Push\Dsasm_Functions.cpp(5782,9): warning C4996: 'strcpy': This function or variable may be unsafe. Consider using strcpy_s instead. To disable deprecation, use _CRT_SECURE_NO_WARNINGS. See online help for details.
H:\code\cpp_disassembly_code\src\01\1.3 反汇编引擎的工作原理\Disasm_Push\Dsasm_Functions.cpp(5785,9): warning C4996: 'strcpy': This function or variable may be unsafe. Consider using strcpy_s instead. To disable deprecation, use _CRT_SECURE_NO_WARNINGS. See online help for details.
H:\code\cpp_disassembly_code\src\01\1.3 反汇编引擎的工作原理\Disasm_Push\Dsasm_Functions.cpp(5788,9): warning C4996: 'strcpy': This function or variable may be unsafe. Consider using strcpy_s instead. To disable deprecation, use _CRT_SECURE_NO_WARNINGS. See online help for details.
H:\code\cpp_disassembly_code\src\01\1.3 反汇编引擎的工作原理\Disasm_Push\Dsasm_Functions.cpp(5791,9): warning C4996: 'strcpy': This function or variable may be unsafe. Consider using strcpy_s instead. To disable deprecation, use _CRT_SECURE_NO_WARNINGS. See online help for details.
H:\code\cpp_disassembly_code\src\01\1.3 反汇编引擎的工作原理\Disasm_Push\Dsasm_Functions.cpp(5794,9): warning C4996: 'strcpy': This function or variable may be unsafe. Consider using strcpy_s instead. To disable deprecation, use _CRT_SECURE_NO_WARNINGS. See online help for details.
H:\code\cpp_disassembly_code\src\01\1.3 反汇编引擎的工作原理\Disasm_Push\Dsasm_Functions.cpp(5828,13): warning C4996: 'strcpy': This function or variable may be unsafe. Consider using strcpy_s instead. To disable deprecation, use _CRT_SECURE_NO_WARNINGS. See online help for details.
H:\code\cpp_disassembly_code\src\01\1.3 反汇编引擎的工作原理\Disasm_Push\Dsasm_Functions.cpp(5886,13): warning C4996: 'strcpy': This function or variable may be unsafe. Consider using strcpy_s instead. To disable deprecation, use _CRT_SECURE_NO_WARNINGS. See online help for details.
H:\code\cpp_disassembly_code\src\01\1.3 反汇编引擎的工作原理\Disasm_Push\Dsasm_Functions.cpp(5919,13): warning C4996: 'strcpy': This function or variable may be unsafe. Consider using strcpy_s instead. To disable deprecation, use _CRT_SECURE_NO_WARNINGS. See online help for details.
H:\code\cpp_disassembly_code\src\01\1.3 反汇编引擎的工作原理\Disasm_Push\Dsasm_Functions.cpp(5929,5): warning C4996: 'strcpy': This function or variable may be unsafe. Consider using strcpy_s instead. To disable deprecation, use _CRT_SECURE_NO_WARNINGS. See online help for details.
H:\code\cpp_disassembly_code\src\01\1.3 反汇编引擎的工作原理\Disasm_Push\Dsasm_Functions.cpp(6112,17): warning C4996: 'strcpy': This function or variable may be unsafe. Consider using strcpy_s instead. To disable deprecation, use _CRT_SECURE_NO_WARNINGS. See online help for details.
H:\code\cpp_disassembly_code\src\01\1.3 反汇编引擎的工作原理\Disasm_Push\Dsasm_Functions.cpp(6142,17): warning C4996: 'strcpy': This function or variable may be unsafe. Consider using strcpy_s instead. To disable deprecation, use _CRT_SECURE_NO_WARNINGS. See online help for details.
H:\code\cpp_disassembly_code\src\01\1.3 反汇编引擎的工作原理\Disasm_Push\Dsasm_Functions.cpp(6321,17): warning C4996: 'strcpy': This function or variable may be unsafe. Consider using strcpy_s instead. To disable deprecation, use _CRT_SECURE_NO_WARNINGS. See online help for details.
H:\code\cpp_disassembly_code\src\01\1.3 反汇编引擎的工作原理\Disasm_Push\Dsasm_Functions.cpp(6351,21): warning C4996: 'strcpy': This function or variable may be unsafe. Consider using strcpy_s instead. To disable deprecation, use _CRT_SECURE_NO_WARNINGS. See online help for details.
H:\code\cpp_disassembly_code\src\01\1.3 反汇编引擎的工作原理\Disasm_Push\Dsasm_Functions.cpp(6356,21): warning C4996: 'strcpy': This function or variable may be unsafe. Consider using strcpy_s instead. To disable deprecation, use _CRT_SECURE_NO_WARNINGS. See online help for details.
H:\code\cpp_disassembly_code\src\01\1.3 反汇编引擎的工作原理\Disasm_Push\Dsasm_Functions.cpp(6365,17): warning C4996: 'strcpy': This function or variable may be unsafe. Consider using strcpy_s instead. To disable deprecation, use _CRT_SECURE_NO_WARNINGS. See online help for details.
H:\code\cpp_disassembly_code\src\01\1.3 反汇编引擎的工作原理\Disasm_Push\Dsasm_Functions.cpp(6457,17): warning C4996: 'strcpy': This function or variable may be unsafe. Consider using strcpy_s instead. To disable deprecation, use _CRT_SECURE_NO_WARNINGS. See online help for details.
H:\code\cpp_disassembly_code\src\01\1.3 反汇编引擎的工作原理\Disasm_Push\Dsasm_Functions.cpp(6679,21): warning C4996: 'strcpy': This function or variable may be unsafe. Consider using strcpy_s instead. To disable deprecation, use _CRT_SECURE_NO_WARNINGS. See online help for details.
H:\code\cpp_disassembly_code\src\01\1.3 反汇编引擎的工作原理\Disasm_Push\Dsasm_Functions.cpp(6682,21): warning C4996: 'strcpy': This function or variable may be unsafe. Consider using strcpy_s instead. To disable deprecation, use _CRT_SECURE_NO_WARNINGS. See online help for details.
H:\code\cpp_disassembly_code\src\01\1.3 反汇编引擎的工作原理\Disasm_Push\Dsasm_Functions.cpp(6685,21): warning C4996: 'strcpy': This function or variable may be unsafe. Consider using strcpy_s instead. To disable deprecation, use _CRT_SECURE_NO_WARNINGS. See online help for details.
H:\code\cpp_disassembly_code\src\01\1.3 反汇编引擎的工作原理\Disasm_Push\Dsasm_Functions.cpp(6811,21): warning C4996: 'strcpy': This function or variable may be unsafe. Consider using strcpy_s instead. To disable deprecation, use _CRT_SECURE_NO_WARNINGS. See online help for details.
H:\code\cpp_disassembly_code\src\01\1.3 反汇编引擎的工作原理\Disasm_Push\Dsasm_Functions.cpp(6833,21): warning C4996: 'strcpy': This function or variable may be unsafe. Consider using strcpy_s instead. To disable deprecation, use _CRT_SECURE_NO_WARNINGS. See online help for details.
H:\code\cpp_disassembly_code\src\01\1.3 反汇编引擎的工作原理\Disasm_Push\Dsasm_Functions.cpp(7037,17): warning C4996: 'strcpy': This function or variable may be unsafe. Consider using strcpy_s instead. To disable deprecation, use _CRT_SECURE_NO_WARNINGS. See online help for details.
H:\code\cpp_disassembly_code\src\01\1.3 反汇编引擎的工作原理\Disasm_Push\Dsasm_Functions.cpp(7042,17): warning C4996: 'strcpy': This function or variable may be unsafe. Consider using strcpy_s instead. To disable deprecation, use _CRT_SECURE_NO_WARNINGS. See online help for details.
H:\code\cpp_disassembly_code\src\01\1.3 反汇编引擎的工作原理\Disasm_Push\Dsasm_Functions.cpp(7055,17): warning C4996: 'strcpy': This function or variable may be unsafe. Consider using strcpy_s instead. To disable deprecation, use _CRT_SECURE_NO_WARNINGS. See online help for details.
H:\code\cpp_disassembly_code\src\01\1.3 反汇编引擎的工作原理\Disasm_Push\Dsasm_Functions.cpp(7155,21): warning C4996: 'strcpy': This function or variable may be unsafe. Consider using strcpy_s instead. To disable deprecation, use _CRT_SECURE_NO_WARNINGS. See online help for details.
H:\code\cpp_disassembly_code\src\01\1.3 反汇编引擎的工作原理\Disasm_Push\Dsasm_Functions.cpp(7160,21): warning C4996: 'strcpy': This function or variable may be unsafe. Consider using strcpy_s instead. To disable deprecation, use _CRT_SECURE_NO_WARNINGS. See online help for details.
H:\code\cpp_disassembly_code\src\01\1.3 反汇编引擎的工作原理\Disasm_Push\Dsasm_Functions.cpp(7165,21): warning C4996: 'strcpy': This function or variable may be unsafe. Consider using strcpy_s instead. To disable deprecation, use _CRT_SECURE_NO_WARNINGS. See online help for details.
H:\code\cpp_disassembly_code\src\01\1.3 反汇编引擎的工作原理\Disasm_Push\Dsasm_Functions.cpp(7177,17): warning C4996: 'strcpy': This function or variable may be unsafe. Consider using strcpy_s instead. To disable deprecation, use _CRT_SECURE_NO_WARNINGS. See online help for details.
H:\code\cpp_disassembly_code\src\01\1.3 反汇编引擎的工作原理\Disasm_Push\Dsasm_Functions.cpp(7205,21): warning C4996: 'strcpy': This function or variable may be unsafe. Consider using strcpy_s instead. To disable deprecation, use _CRT_SECURE_NO_WARNINGS. See online help for details.
H:\code\cpp_disassembly_code\src\01\1.3 反汇编引擎的工作原理\Disasm_Push\Dsasm_Functions.cpp(7210,21): warning C4996: 'strcpy': This function or variable may be unsafe. Consider using strcpy_s instead. To disable deprecation, use _CRT_SECURE_NO_WARNINGS. See online help for details.
H:\code\cpp_disassembly_code\src\01\1.3 反汇编引擎的工作原理\Disasm_Push\Dsasm_Functions.cpp(7215,21): warning C4996: 'strcpy': This function or variable may be unsafe. Consider using strcpy_s instead. To disable deprecation, use _CRT_SECURE_NO_WARNINGS. See online help for details.
H:\code\cpp_disassembly_code\src\01\1.3 反汇编引擎的工作原理\Disasm_Push\Dsasm_Functions.cpp(7227,17): warning C4996: 'strcpy': This function or variable may be unsafe. Consider using strcpy_s instead. To disable deprecation, use _CRT_SECURE_NO_WARNINGS. See online help for details.
H:\code\cpp_disassembly_code\src\01\1.3 反汇编引擎的工作原理\Disasm_Push\Dsasm_Functions.cpp(7253,21): warning C4996: 'strcpy': This function or variable may be unsafe. Consider using strcpy_s instead. To disable deprecation, use _CRT_SECURE_NO_WARNINGS. See online help for details.
H:\code\cpp_disassembly_code\src\01\1.3 反汇编引擎的工作原理\Disasm_Push\Dsasm_Functions.cpp(7258,21): warning C4996: 'strcpy': This function or variable may be unsafe. Consider using strcpy_s instead. To disable deprecation, use _CRT_SECURE_NO_WARNINGS. See online help for details.
H:\code\cpp_disassembly_code\src\01\1.3 反汇编引擎的工作原理\Disasm_Push\Dsasm_Functions.cpp(7263,21): warning C4996: 'strcpy': This function or variable may be unsafe. Consider using strcpy_s instead. To disable deprecation, use _CRT_SECURE_NO_WARNINGS. See online help for details.
H:\code\cpp_disassembly_code\src\01\1.3 反汇编引擎的工作原理\Disasm_Push\Dsasm_Functions.cpp(7268,21): warning C4996: 'strcpy': This function or variable may be unsafe. Consider using strcpy_s instead. To disable deprecation, use _CRT_SECURE_NO_WARNINGS. See online help for details.
H:\code\cpp_disassembly_code\src\01\1.3 反汇编引擎的工作原理\Disasm_Push\Dsasm_Functions.cpp(7280,17): warning C4996: 'strcpy': This function or variable may be unsafe. Consider using strcpy_s instead. To disable deprecation, use _CRT_SECURE_NO_WARNINGS. See online help for details.
H:\code\cpp_disassembly_code\src\01\1.3 反汇编引擎的工作原理\Disasm_Push\Dsasm_Functions.cpp(7355,35): warning C4996: 'strcpy': This function or variable may be unsafe. Consider using strcpy_s instead. To disable deprecation, use _CRT_SECURE_NO_WARNINGS. See online help for details.
H:\code\cpp_disassembly_code\src\01\1.3 反汇编引擎的工作原理\Disasm_Push\Dsasm_Functions.cpp(7367,17): warning C4996: 'strcpy': This function or variable may be unsafe. Consider using strcpy_s instead. To disable deprecation, use _CRT_SECURE_NO_WARNINGS. See online help for details.
H:\code\cpp_disassembly_code\src\01\1.3 反汇编引擎的工作原理\Disasm_Push\Dsasm_Functions.cpp(7372,17): warning C4996: 'strcpy': This function or variable may be unsafe. Consider using strcpy_s instead. To disable deprecation, use _CRT_SECURE_NO_WARNINGS. See online help for details.
H:\code\cpp_disassembly_code\src\01\1.3 反汇编引擎的工作原理\Disasm_Push\Dsasm_Functions.cpp(7375,17): warning C4996: 'strcpy': This function or variable may be unsafe. Consider using strcpy_s instead. To disable deprecation, use _CRT_SECURE_NO_WARNINGS. See online help for details.
H:\code\cpp_disassembly_code\src\01\1.3 反汇编引擎的工作原理\Disasm_Push\Dsasm_Functions.cpp(7383,35): warning C4996: 'strcpy': This function or variable may be unsafe. Consider using strcpy_s instead. To disable deprecation, use _CRT_SECURE_NO_WARNINGS. See online help for details.
H:\code\cpp_disassembly_code\src\01\1.3 反汇编引擎的工作原理\Disasm_Push\Dsasm_Functions.cpp(7388,35): warning C4996: 'strcpy': This function or variable may be unsafe. Consider using strcpy_s instead. To disable deprecation, use _CRT_SECURE_NO_WARNINGS. See online help for details.
H:\code\cpp_disassembly_code\src\01\1.3 反汇编引擎的工作原理\Disasm_Push\Dsasm_Functions.cpp(7393,35): warning C4996: 'strcpy': This function or variable may be unsafe. Consider using strcpy_s instead. To disable deprecation, use _CRT_SECURE_NO_WARNINGS. See online help for details.
H:\code\cpp_disassembly_code\src\01\1.3 反汇编引擎的工作原理\Disasm_Push\Dsasm_Functions.cpp(7398,35): warning C4996: 'strcpy': This function or variable may be unsafe. Consider using strcpy_s instead. To disable deprecation, use _CRT_SECURE_NO_WARNINGS. See online help for details.
H:\code\cpp_disassembly_code\src\01\1.3 反汇编引擎的工作原理\Disasm_Push\Dsasm_Functions.cpp(7404,35): warning C4996: 'strcpy': This function or variable may be unsafe. Consider using strcpy_s instead. To disable deprecation, use _CRT_SECURE_NO_WARNINGS. See online help for details.
H:\code\cpp_disassembly_code\src\01\1.3 反汇编引擎的工作原理\Disasm_Push\Dsasm_Functions.cpp(7410,35): warning C4996: 'strcpy': This function or variable may be unsafe. Consider using strcpy_s instead. To disable deprecation, use _CRT_SECURE_NO_WARNINGS. See online help for details.
H:\code\cpp_disassembly_code\src\01\1.3 反汇编引擎的工作原理\Disasm_Push\Dsasm_Functions.cpp(7416,35): warning C4996: 'strcpy': This function or variable may be unsafe. Consider using strcpy_s instead. To disable deprecation, use _CRT_SECURE_NO_WARNINGS. See online help for details.
H:\code\cpp_disassembly_code\src\01\1.3 反汇编引擎的工作原理\Disasm_Push\Dsasm_Functions.cpp(7421,35): warning C4996: 'strcpy': This function or variable may be unsafe. Consider using strcpy_s instead. To disable deprecation, use _CRT_SECURE_NO_WARNINGS. See online help for details.
H:\code\cpp_disassembly_code\src\01\1.3 反汇编引擎的工作原理\Disasm_Push\Dsasm_Functions.cpp(7426,35): warning C4996: 'strcpy': This function or variable may be unsafe. Consider using strcpy_s instead. To disable deprecation, use _CRT_SECURE_NO_WARNINGS. See online help for details.
H:\code\cpp_disassembly_code\src\01\1.3 反汇编引擎的工作原理\Disasm_Push\Dsasm_Functions.cpp(7431,35): warning C4996: 'strcpy': This function or variable may be unsafe. Consider using strcpy_s instead. To disable deprecation, use _CRT_SECURE_NO_WARNINGS. See online help for details.
H:\code\cpp_disassembly_code\src\01\1.3 反汇编引擎的工作原理\Disasm_Push\Dsasm_Functions.cpp(7444,17): warning C4996: 'strcpy': This function or variable may be unsafe. Consider using strcpy_s instead. To disable deprecation, use _CRT_SECURE_NO_WARNINGS. See online help for details.
H:\code\cpp_disassembly_code\src\01\1.3 反汇编引擎的工作原理\Disasm_Push\Dsasm_Functions.cpp(7448,17): warning C4996: 'strcpy': This function or variable may be unsafe. Consider using strcpy_s instead. To disable deprecation, use _CRT_SECURE_NO_WARNINGS. See online help for details.
H:\code\cpp_disassembly_code\src\01\1.3 反汇编引擎的工作原理\Disasm_Push\Dsasm_Functions.cpp(7452,17): warning C4996: 'strcpy': This function or variable may be unsafe. Consider using strcpy_s instead. To disable deprecation, use _CRT_SECURE_NO_WARNINGS. See online help for details.
H:\code\cpp_disassembly_code\src\01\1.3 反汇编引擎的工作原理\Disasm_Push\Dsasm_Functions.cpp(7474,35): warning C4996: 'strcpy': This function or variable may be unsafe. Consider using strcpy_s instead. To disable deprecation, use _CRT_SECURE_NO_WARNINGS. See online help for details.
H:\code\cpp_disassembly_code\src\01\1.3 反汇编引擎的工作原理\Disasm_Push\Dsasm_Functions.cpp(7493,35): warning C4996: 'strcpy': This function or variable may be unsafe. Consider using strcpy_s instead. To disable deprecation, use _CRT_SECURE_NO_WARNINGS. See online help for details.
H:\code\cpp_disassembly_code\src\01\1.3 反汇编引擎的工作原理\Disasm_Push\Dsasm_Functions.cpp(7514,37): warning C4996: 'strcpy': This function or variable may be unsafe. Consider using strcpy_s instead. To disable deprecation, use _CRT_SECURE_NO_WARNINGS. See online help for details.
H:\code\cpp_disassembly_code\src\01\1.3 反汇编引擎的工作原理\Disasm_Push\Dsasm_Functions.cpp(7519,37): warning C4996: 'strcpy': This function or variable may be unsafe. Consider using strcpy_s instead. To disable deprecation, use _CRT_SECURE_NO_WARNINGS. See online help for details.
H:\code\cpp_disassembly_code\src\01\1.3 反汇编引擎的工作原理\Disasm_Push\Dsasm_Functions.cpp(7529,35): warning C4996: 'strcpy': This function or variable may be unsafe. Consider using strcpy_s instead. To disable deprecation, use _CRT_SECURE_NO_WARNINGS. See online help for details.
H:\code\cpp_disassembly_code\src\01\1.3 反汇编引擎的工作原理\Disasm_Push\Dsasm_Functions.cpp(7534,35): warning C4996: 'strcpy': This function or variable may be unsafe. Consider using strcpy_s instead. To disable deprecation, use _CRT_SECURE_NO_WARNINGS. See online help for details.
H:\code\cpp_disassembly_code\src\01\1.3 反汇编引擎的工作原理\Disasm_Push\Dsasm_Functions.cpp(7539,35): warning C4996: 'strcpy': This function or variable may be unsafe. Consider using strcpy_s instead. To disable deprecation, use _CRT_SECURE_NO_WARNINGS. See online help for details.
H:\code\cpp_disassembly_code\src\01\1.3 反汇编引擎的工作原理\Disasm_Push\Dsasm_Functions.cpp(7559,35): warning C4996: 'strcpy': This function or variable may be unsafe. Consider using strcpy_s instead. To disable deprecation, use _CRT_SECURE_NO_WARNINGS. See online help for details.
H:\code\cpp_disassembly_code\src\01\1.3 反汇编引擎的工作原理\Disasm_Push\Dsasm_Functions.cpp(7570,35): warning C4996: 'strcpy': This function or variable may be unsafe. Consider using strcpy_s instead. To disable deprecation, use _CRT_SECURE_NO_WARNINGS. See online help for details.
H:\code\cpp_disassembly_code\src\01\1.3 反汇编引擎的工作原理\Disasm_Push\Dsasm_Functions.cpp(7578,17): warning C4996: 'strcpy': This function or variable may be unsafe. Consider using strcpy_s instead. To disable deprecation, use _CRT_SECURE_NO_WARNINGS. See online help for details.
H:\code\cpp_disassembly_code\src\01\1.3 反汇编引擎的工作原理\Disasm_Push\Dsasm_Functions.cpp(7583,17): warning C4996: 'strcpy': This function or variable may be unsafe. Consider using strcpy_s instead. To disable deprecation, use _CRT_SECURE_NO_WARNINGS. See online help for details.
H:\code\cpp_disassembly_code\src\01\1.3 反汇编引擎的工作原理\Disasm_Push\Dsasm_Functions.cpp(7590,35): warning C4996: 'strcpy': This function or variable may be unsafe. Consider using strcpy_s instead. To disable deprecation, use _CRT_SECURE_NO_WARNINGS. See online help for details.
H:\code\cpp_disassembly_code\src\01\1.3 反汇编引擎的工作原理\Disasm_Push\Dsasm_Functions.cpp(7595,35): warning C4996: 'strcpy': This function or variable may be unsafe. Consider using strcpy_s instead. To disable deprecation, use _CRT_SECURE_NO_WARNINGS. See online help for details.
H:\code\cpp_disassembly_code\src\01\1.3 反汇编引擎的工作原理\Disasm_Push\Dsasm_Functions.cpp(7602,35): warning C4996: 'strcpy': This function or variable may be unsafe. Consider using strcpy_s instead. To disable deprecation, use _CRT_SECURE_NO_WARNINGS. See online help for details.
H:\code\cpp_disassembly_code\src\01\1.3 反汇编引擎的工作原理\Disasm_Push\Dsasm_Functions.cpp(7609,35): warning C4996: 'strcpy': This function or variable may be unsafe. Consider using strcpy_s instead. To disable deprecation, use _CRT_SECURE_NO_WARNINGS. See online help for details.
H:\code\cpp_disassembly_code\src\01\1.3 反汇编引擎的工作原理\Disasm_Push\Dsasm_Functions.cpp(7615,35): warning C4996: 'strcpy': This function or variable may be unsafe. Consider using strcpy_s instead. To disable deprecation, use _CRT_SECURE_NO_WARNINGS. See online help for details.
H:\code\cpp_disassembly_code\src\01\1.3 反汇编引擎的工作原理\Disasm_Push\Dsasm_Functions.cpp(7621,35): warning C4996: 'strcpy': This function or variable may be unsafe. Consider using strcpy_s instead. To disable deprecation, use _CRT_SECURE_NO_WARNINGS. See online help for details.
H:\code\cpp_disassembly_code\src\01\1.3 反汇编引擎的工作原理\Disasm_Push\Dsasm_Functions.cpp(7627,35): warning C4996: 'strcpy': This function or variable may be unsafe. Consider using strcpy_s instead. To disable deprecation, use _CRT_SECURE_NO_WARNINGS. See online help for details.
H:\code\cpp_disassembly_code\src\01\1.3 反汇编引擎的工作原理\Disasm_Push\Dsasm_Functions.cpp(7632,35): warning C4996: 'strcpy': This function or variable may be unsafe. Consider using strcpy_s instead. To disable deprecation, use _CRT_SECURE_NO_WARNINGS. See online help for details.
H:\code\cpp_disassembly_code\src\01\1.3 反汇编引擎的工作原理\Disasm_Push\Dsasm_Functions.cpp(7637,35): warning C4996: 'strcpy': This function or variable may be unsafe. Consider using strcpy_s instead. To disable deprecation, use _CRT_SECURE_NO_WARNINGS. See online help for details.
H:\code\cpp_disassembly_code\src\01\1.3 反汇编引擎的工作原理\Disasm_Push\Dsasm_Functions.cpp(7643,35): warning C4996: 'strcpy': This function or variable may be unsafe. Consider using strcpy_s instead. To disable deprecation, use _CRT_SECURE_NO_WARNINGS. See online help for details.
H:\code\cpp_disassembly_code\src\01\1.3 反汇编引擎的工作原理\Disasm_Push\Dsasm_Functions.cpp(7648,35): warning C4996: 'strcpy': This function or variable may be unsafe. Consider using strcpy_s instead. To disable deprecation, use _CRT_SECURE_NO_WARNINGS. See online help for details.
H:\code\cpp_disassembly_code\src\01\1.3 反汇编引擎的工作原理\Disasm_Push\Dsasm_Functions.cpp(7654,35): warning C4996: 'strcpy': This function or variable may be unsafe. Consider using strcpy_s instead. To disable deprecation, use _CRT_SECURE_NO_WARNINGS. See online help for details.
H:\code\cpp_disassembly_code\src\01\1.3 反汇编引擎的工作原理\Disasm_Push\Dsasm_Functions.cpp(7699,13): warning C4996: 'strcpy': This function or variable may be unsafe. Consider using strcpy_s instead. To disable deprecation, use _CRT_SECURE_NO_WARNINGS. See online help for details.
H:\code\cpp_disassembly_code\src\01\1.3 反汇编引擎的工作原理\Disasm_Push\Dsasm_Functions.cpp(7705,31): warning C4996: 'strcpy': This function or variable may be unsafe. Consider using strcpy_s instead. To disable deprecation, use _CRT_SECURE_NO_WARNINGS. See online help for details.
H:\code\cpp_disassembly_code\src\01\1.3 反汇编引擎的工作原理\Disasm_Push\Dsasm_Functions.cpp(7730,17): warning C4996: 'strcpy': This function or variable may be unsafe. Consider using strcpy_s instead. To disable deprecation, use _CRT_SECURE_NO_WARNINGS. See online help for details.
H:\code\cpp_disassembly_code\src\01\1.3 反汇编引擎的工作原理\Disasm_Push\Dsasm_Functions.cpp(7738,9): warning C4996: 'strcpy': This function or variable may be unsafe. Consider using strcpy_s instead. To disable deprecation, use _CRT_SECURE_NO_WARNINGS. See online help for details.
H:\code\cpp_disassembly_code\src\01\1.3 反汇编引擎的工作原理\Disasm_Push\Dsasm_Functions.cpp(7972,29): warning C4996: 'strcpy': This function or variable may be unsafe. Consider using strcpy_s instead. To disable deprecation, use _CRT_SECURE_NO_WARNINGS. See online help for details.
H:\code\cpp_disassembly_code\src\01\1.3 反汇编引擎的工作原理\Disasm_Push\Dsasm_Functions.cpp(8116,29): warning C4996: 'strcpy': This function or variable may be unsafe. Consider using strcpy_s instead. To disable deprecation, use _CRT_SECURE_NO_WARNINGS. See online help for details.
H:\code\cpp_disassembly_code\src\01\1.3 反汇编引擎的工作原理\Disasm_Push\Dsasm_Functions.cpp(8198,37): warning C4996: 'strcpy': This function or variable may be unsafe. Consider using strcpy_s instead. To disable deprecation, use _CRT_SECURE_NO_WARNINGS. See online help for details.
H:\code\cpp_disassembly_code\src\01\1.3 反汇编引擎的工作原理\Disasm_Push\Dsasm_Functions.cpp(8202,41): warning C4996: 'strcpy': This function or variable may be unsafe. Consider using strcpy_s instead. To disable deprecation, use _CRT_SECURE_NO_WARNINGS. See online help for details.
H:\code\cpp_disassembly_code\src\01\1.3 反汇编引擎的工作原理\Disasm_Push\Dsasm_Functions.cpp(8211,41): warning C4996: 'strcpy': This function or variable may be unsafe. Consider using strcpy_s instead. To disable deprecation, use _CRT_SECURE_NO_WARNINGS. See online help for details.
H:\code\cpp_disassembly_code\src\01\1.3 反汇编引擎的工作原理\Disasm_Push\Dsasm_Functions.cpp(8219,33): warning C4996: 'strcpy': This function or variable may be unsafe. Consider using strcpy_s instead. To disable deprecation, use _CRT_SECURE_NO_WARNINGS. See online help for details.
H:\code\cpp_disassembly_code\src\01\1.3 反汇编引擎的工作原理\Disasm_Push\Dsasm_Functions.cpp(8286,29): warning C4996: 'strcpy': This function or variable may be unsafe. Consider using strcpy_s instead. To disable deprecation, use _CRT_SECURE_NO_WARNINGS. See online help for details.
H:\code\cpp_disassembly_code\src\01\1.3 反汇编引擎的工作原理\Disasm_Push\Dsasm_Functions.cpp(8429,33): warning C4996: 'strcpy': This function or variable may be unsafe. Consider using strcpy_s instead. To disable deprecation, use _CRT_SECURE_NO_WARNINGS. See online help for details.
H:\code\cpp_disassembly_code\src\01\1.3 反汇编引擎的工作原理\Disasm_Push\Dsasm_Functions.cpp(8451,33): warning C4996: 'strcpy': This function or variable may be unsafe. Consider using strcpy_s instead. To disable deprecation, use _CRT_SECURE_NO_WARNINGS. See online help for details.
H:\code\cpp_disassembly_code\src\01\1.3 反汇编引擎的工作原理\Disasm_Push\Dsasm_Functions.cpp(8795,29): warning C4996: 'strcpy': This function or variable may be unsafe. Consider using strcpy_s instead. To disable deprecation, use _CRT_SECURE_NO_WARNINGS. See online help for details.
H:\code\cpp_disassembly_code\src\01\1.3 反汇编引擎的工作原理\Disasm_Push\Dsasm_Functions.cpp(8944,29): warning C4996: 'strcpy': This function or variable may be unsafe. Consider using strcpy_s instead. To disable deprecation, use _CRT_SECURE_NO_WARNINGS. See online help for details.
H:\code\cpp_disassembly_code\src\01\1.3 反汇编引擎的工作原理\Disasm_Push\Dsasm_Functions.cpp(8954,29): warning C4996: 'strcpy': This function or variable may be unsafe. Consider using strcpy_s instead. To disable deprecation, use _CRT_SECURE_NO_WARNINGS. See online help for details.
H:\code\cpp_disassembly_code\src\01\1.3 反汇编引擎的工作原理\Disasm_Push\Dsasm_Functions.cpp(9041,37): warning C4996: 'strcpy': This function or variable may be unsafe. Consider using strcpy_s instead. To disable deprecation, use _CRT_SECURE_NO_WARNINGS. See online help for details.
H:\code\cpp_disassembly_code\src\01\1.3 反汇编引擎的工作原理\Disasm_Push\Dsasm_Functions.cpp(9048,41): warning C4996: 'strcpy': This function or variable may be unsafe. Consider using strcpy_s instead. To disable deprecation, use _CRT_SECURE_NO_WARNINGS. See online help for details.
H:\code\cpp_disassembly_code\src\01\1.3 反汇编引擎的工作原理\Disasm_Push\Dsasm_Functions.cpp(9057,41): warning C4996: 'strcpy': This function or variable may be unsafe. Consider using strcpy_s instead. To disable deprecation, use _CRT_SECURE_NO_WARNINGS. See online help for details.
H:\code\cpp_disassembly_code\src\01\1.3 反汇编引擎的工作原理\Disasm_Push\Dsasm_Functions.cpp(9062,33): warning C4996: 'strcpy': This function or variable may be unsafe. Consider using strcpy_s instead. To disable deprecation, use _CRT_SECURE_NO_WARNINGS. See online help for details.
H:\code\cpp_disassembly_code\src\01\1.3 反汇编引擎的工作原理\Disasm_Push\Dsasm_Functions.cpp(9129,29): warning C4996: 'strcpy': This function or variable may be unsafe. Consider using strcpy_s instead. To disable deprecation, use _CRT_SECURE_NO_WARNINGS. See online help for details.
H:\code\cpp_disassembly_code\src\01\1.3 反汇编引擎的工作原理\Disasm_Push\Dsasm_Functions.cpp(9271,33): warning C4996: 'strcpy': This function or variable may be unsafe. Consider using strcpy_s instead. To disable deprecation, use _CRT_SECURE_NO_WARNINGS. See online help for details.
H:\code\cpp_disassembly_code\src\01\1.3 反汇编引擎的工作原理\Disasm_Push\Dsasm_Functions.cpp(9293,33): warning C4996: 'strcpy': This function or variable may be unsafe. Consider using strcpy_s instead. To disable deprecation, use _CRT_SECURE_NO_WARNINGS. See online help for details.
H:\code\cpp_disassembly_code\src\01\1.3 反汇编引擎的工作原理\Disasm_Push\Dsasm_Functions.cpp(9568,25): warning C4996: 'strcpy': This function or variable may be unsafe. Consider using strcpy_s instead. To disable deprecation, use _CRT_SECURE_NO_WARNINGS. See online help for details.
H:\code\cpp_disassembly_code\src\01\1.3 反汇编引擎的工作原理\Disasm_Push\Dsasm_Functions.cpp(9570,25): warning C4996: 'strcpy': This function or variable may be unsafe. Consider using strcpy_s instead. To disable deprecation, use _CRT_SECURE_NO_WARNINGS. See online help for details.
H:\code\cpp_disassembly_code\src\01\1.3 反汇编引擎的工作原理\Disasm_Push\Dsasm_Functions.cpp(9642,17): warning C4996: 'strcpy': This function or variable may be unsafe. Consider using strcpy_s instead. To disable deprecation, use _CRT_SECURE_NO_WARNINGS. See online help for details.
H:\code\cpp_disassembly_code\src\01\1.3 反汇编引擎的工作原理\Disasm_Push\Dsasm_Functions.cpp(9698,17): warning C4996: 'strcpy': This function or variable may be unsafe. Consider using strcpy_s instead. To disable deprecation, use _CRT_SECURE_NO_WARNINGS. See online help for details.
H:\code\cpp_disassembly_code\src\01\1.3 反汇编引擎的工作原理\Disasm_Push\Dsasm_Functions.cpp(9749,29): warning C4996: 'strcpy': This function or variable may be unsafe. Consider using strcpy_s instead. To disable deprecation, use _CRT_SECURE_NO_WARNINGS. See online help for details.
H:\code\cpp_disassembly_code\src\01\1.3 反汇编引擎的工作原理\Disasm_Push\Dsasm_Functions.cpp(9884,29): warning C4996: 'strcpy': This function or variable may be unsafe. Consider using strcpy_s instead. To disable deprecation, use _CRT_SECURE_NO_WARNINGS. See online help for details.
H:\code\cpp_disassembly_code\src\01\1.3 反汇编引擎的工作原理\Disasm_Push\Dsasm_Functions.cpp(9968,37): warning C4996: 'strcpy': This function or variable may be unsafe. Consider using strcpy_s instead. To disable deprecation, use _CRT_SECURE_NO_WARNINGS. See online help for details.
H:\code\cpp_disassembly_code\src\01\1.3 反汇编引擎的工作原理\Disasm_Push\Dsasm_Functions.cpp(9975,41): warning C4996: 'strcpy': This function or variable may be unsafe. Consider using strcpy_s instead. To disable deprecation, use _CRT_SECURE_NO_WARNINGS. See online help for details.
H:\code\cpp_disassembly_code\src\01\1.3 反汇编引擎的工作原理\Disasm_Push\Dsasm_Functions.cpp(9984,41): warning C4996: 'strcpy': This function or variable may be unsafe. Consider using strcpy_s instead. To disable deprecation, use _CRT_SECURE_NO_WARNINGS. See online help for details.
H:\code\cpp_disassembly_code\src\01\1.3 反汇编引擎的工作原理\Disasm_Push\Dsasm_Functions.cpp(9989,33): warning C4996: 'strcpy': This function or variable may be unsafe. Consider using strcpy_s instead. To disable deprecation, use _CRT_SECURE_NO_WARNINGS. See online help for details.
H:\code\cpp_disassembly_code\src\01\1.3 反汇编引擎的工作原理\Disasm_Push\Dsasm_Functions.cpp(10055,29): warning C4996: 'strcpy': This function or variable may be unsafe. Consider using strcpy_s instead. To disable deprecation, use _CRT_SECURE_NO_WARNINGS. See online help for details.
H:\code\cpp_disassembly_code\src\01\1.3 反汇编引擎的工作原理\Disasm_Push\Dsasm_Functions.cpp(10197,33): warning C4996: 'strcpy': This function or variable may be unsafe. Consider using strcpy_s instead. To disable deprecation, use _CRT_SECURE_NO_WARNINGS. See online help for details.
H:\code\cpp_disassembly_code\src\01\1.3 反汇编引擎的工作原理\Disasm_Push\Dsasm_Functions.cpp(10219,33): warning C4996: 'strcpy': This function or variable may be unsafe. Consider using strcpy_s instead. To disable deprecation, use _CRT_SECURE_NO_WARNINGS. See online help for details.
  正在生成代码...
  Disasm_Push.vcxproj -> H:\code\cpp_disassembly_code\src\01\1.3 反汇编引擎的工作原理\Disasm_Push\Release\Disasm_Push.exe
